1 -0.0105003 -0.563363 -0.590312 0.0325562 0.301448 0.950857 -0.0627734
2 -0.0641684 -0.563205 -0.567345 0.0606885 0.302612 0.949257 -0.0604555
4 -0.120736 -0.546185 -0.566641 0.0906956 0.293272 0.95075 -0.0429053
6 -0.176428 -0.514349 -0.583521 0.15258 0.266106 0.949771 -0.0619798
8 -0.248626 -0.506252 -0.548512 0.224711 0.264188 0.935893 -0.0617554
10 -0.302457 -0.501133 -0.53185 0.274809 0.258078 0.923588 -0.0697145
11 -0.317995 -0.504762 -0.517318 0.285596 0.266378 0.918181 -0.0664936
12 -0.331504 -0.484818 -0.522299 0.289012 0.25648 0.92019 -0.0627641
13 -0.358153 -0.473065 -0.516914 0.301121 0.252917 0.91769 -0.0565994
14 -0.384438 -0.46223 -0.513387 0.314182 0.2463 0.915225 -0.0546777
15 -0.41198 -0.456511 -0.501272 0.327952 0.245007 0.911052 -0.0490244
16 -0.435317 -0.455634 -0.48456 0.344532 0.246156 0.904619 -0.0486703
17 -0.447513 -0.451192 -0.485147 0.349569 0.242116 0.903736 -0.0494121
18 -0.474381 -0.432561 -0.475758 0.362767 0.233258 0.901253 -0.0416399
19 -0.497164 -0.421817 -0.461915 0.378788 0.228749 0.8959 -0.0394576
20 -0.518117 -0.408515 -0.454148 0.391444 0.22227 0.892239 -0.0357474
21 -0.548696 -0.393425 -0.435258 0.408915 0.218593 0.88561 -0.026459
22 -0.566959 -0.376127 -0.424036 0.42144 0.211913 0.881483 -0.021656
23 -0.58276 -0.365147 -0.406808 0.433775 0.210739 0.875853 -0.0176381
24 -0.601948 -0.35792 -0.381941 0.450885 0.210858 0.867177 -0.0156891
26 -0.618421 -0.357412 -0.346116 0.473646 0.213142 0.854081 -0.0278444
27 -0.647766 -0.35547 -0.277147 0.513121 0.221056 0.828949 -0.0261816
29 -0.679576 -0.313686 -0.253946 0.540179 0.196966 0.817983 -0.0177368
30 -0.684561 -0.321099 -0.218068 0.555691 0.208882 0.804566 -0.0157991
32 -0.695617 -0.311346 -0.202332 0.565644 0.208376 0.797852 -0.00762275
33 -0.707151 -0.299337 -0.171638 0.584789 0.205915 0.784612 -0.00221918
34 -0.714269 -0.290426 -0.155653 0.599839 0.19684 0.775504 -0.00635957
35 -0.716902 -0.281993 -0.133304 0.612589 0.195937 0.765705 -0.00633932
36 -0.731298 -0.246986 -0.0806299 0.645559 0.177773 0.74273 -0.0016865
37 -0.737744 -0.218759 -0.0254783 0.676684 0.1645 0.717661 0.00130629
38 -0.741274 -0.184554 0.0262794 0.707719 0.143391 0.691769 0.0053376
39 -0.738778 -0.152758 0.08803 0.736209 0.136604 0.662591 0.0175603
40 -0.731087 -0.120453 0.14386 0.763399 0.12188 0.633834 0.0249372
43 -0.715577 -0.080858 0.201498 0.788614 0.107219 0.604576 0.0328539
45 -0.698403 -0.039774 0.257318 0.81457 0.0834502 0.572376 0.0435606
47 -0.677962 0.00816169 0.307894 0.834853 0.0716831 0.541645 0.067097
49 -0.671132 0.0880154 0.31807 0.840073 0.0446265 0.529847 0.107462
53 -0.670351 0.190646 0.323728 0.839946 -0.000178564 0.519953 0.155368
56 -0.635763 0.222596 0.361091 0.854071 -0.0234854 0.492362 0.166104
57 -0.619974 0.232673 0.371193 0.858209 -0.0279631 0.482751 0.172183
60 -0.600275 0.260149 0.384767 0.862338 -0.0489415 0.469046 0.184322
61 -0.59815 0.272555 0.393853 0.863637 -0.0520526 0.463442 0.191426
62 -0.587115 0.267586 0.411129 0.870114 -0.0506457 0.452394 0.188882
63 -0.559893 0.261999 0.442527 0.882049 -0.0497931 0.430314 0.185311
64 -0.527205 0.250041 0.47493 0.895152 -0.0512935 0.405922 0.176915
65 -0.477832 0.275014 0.506485 0.905855 -0.0618417 0.373167 0.190652
66 -0.408813 0.312593 0.542493 0.917286 -0.0748541 0.328038 0.213015
67 -0.357735 0.327509 0.566625 0.92544 -0.0815882 0.29543 0.222769
68 -0.300574 0.33184 0.587884 0.934554 -0.0828064 0.259689 0.22872
69 -0.250259 0.350409 0.606803 0.939149 -0.0903342 0.228202 0.240338
70 -0.216031 0.359057 0.619192 0.94229 -0.0930788 0.206744 0.24634
72 -0.171495 0.365589 0.624524 0.945316 -0.095317 0.180588 0.254322
73 -0.147701 0.362211 0.633329 0.948554 -0.0968958 0.164811 0.252378
75 -0.101939 0.367259 0.638455 0.9509 -0.104346 0.135899 0.257744
76 -0.086459 0.367155 0.639055 0.95199 -0.105808 0.124902 0.258686
78 -0.0205242 0.356047 0.647108 0.956201 -0.118463 0.0796035 0.255558
80 0.0542978 0.362064 0.648353 0.954678 -0.132082 0.0305997 0.264967
81 0.0774234 0.362978 0.646161 0.953873 -0.13539 0.0152026 0.267516
82 0.11189 0.360926 0.642784 0.952897 -0.139031 -0.0078411 0.269435
83 0.160066 0.358951 0.634579 0.949946 -0.145782 -0.0394794 0.273479
84 0.192759 0.355195 0.627857 0.947484 -0.150904 -0.0623954 0.274971
85 0.234688 0.348522 0.617536 0.944914 -0.152246 -0.0909746 0.275103
86 0.27005 0.345223 0.606352 0.941698 -0.153686 -0.113957 0.276765
87 0.293282 0.346345 0.598369 0.938471 -0.156272 -0.129032 0.279645
89 0.329682 0.34129 0.582229 0.933107 -0.1629 -0.153746 0.281311
90 0.351117 0.334885 0.573436 0.930159 -0.165827 -0.169443 0.280349
91 0.36992 0.330529 0.571821 0.928323 -0.167527 -0.181694 0.277737
92 0.398176 0.314561 0.561912 0.92405 -0.1759 -0.20321 0.271839
94 0.416757 0.307495 0.540999 0.91651 -0.18934 -0.221299 0.274203
97 0.412133 0.262249 0.555925 0.921037 -0.203372 -0.226683 0.242787
100 0.443363 0.24351 0.541706 0.913205 -0.214686 -0.250859 0.238822
101 0.456133 0.235025 0.533653 0.910342 -0.216299 -0.26159 0.236774
102 0.481182 0.224924 0.515877 0.904049 -0.218396 -0.280549 0.237256
103 0.504914 0.215794 0.500429 0.898659 -0.218275 -0.29798 0.236592
105 0.543647 0.204057 0.470267 0.886504 -0.222453 -0.32681 0.240459
106 0.562345 0.197213 0.452642 0.88071 -0.222113 -0.342025 0.240903
107 0.585204 0.186898 0.429762 0.872331 -0.223968 -0.361475 0.241274
108 0.614693 0.172377 0.398665 0.860695 -0.225866 -0.387231 0.24133
109 0.633553 0.165201 0.37611 0.852771 -0.225497 -0.403889 0.2425
111 0.649378 0.148532 0.34632 0.843563 -0.2253 -0.424818 0.239106
112 0.664355 0.13936 0.331059 0.836373 -0.228263 -0.437667 0.238378
113 0.674848 0.136608 0.307835 0.828325 -0.226786 -0.451461 0.242132
114 0.686428 0.122666 0.288105 0.820824 -0.228504 -0.465942 0.238605
115 0.697294 0.112941 0.267537 0.812956 -0.228686 -0.480061 0.237375
116 0.706336 0.0953836 0.253207 0.806507 -0.23335 -0.491454 0.231445
117 0.713946 0.0854105 0.232371 0.798486 -0.233994 -0.504533 0.230462
118 0.720846 0.0762739 0.216244 0.791709 -0.235265 -0.515096 0.229181
119 0.72458 0.0655184 0.199283 0.784716 -0.237555 -0.525368 0.227543
120 0.73162 0.054411 0.180926 0.776529 -0.239813 -0.537054 0.225977
121 0.734924 0.0501082 0.169152 0.771692 -0.239948 -0.543774 0.226331
122 0.741561 0.0399696 0.151971 0.764149 -0.241532 -0.554273 0.224766
123 0.745941 0.034637 0.136676 0.758297 -0.240468 -0.562815 0.224501
124 0.748982 0.0225019 0.114376 0.747546 -0.244265 -0.575565 0.224131
125 0.752914 0.00826234 0.0882184 0.735903 -0.24633 -0.590351 0.221932
126 0.759481 -0.00881235 0.0478606 0.718678 -0.246209 -0.612001 0.219859
127 0.761084 -0.020134 0.0240828 0.708164 -0.24698 -0.624508 0.217933
129 0.766893 -0.0381008 -0.00270853 0.695789 -0.250191 -0.638254 0.214277
130 0.76391 -0.0658929 -0.0390876 0.679119 -0.252612 -0.658287 0.204068
131 0.763125 -0.0784913 -0.0557824 0.669048 -0.258256 -0.66649 0.203641
133 0.760928 -0.0928008 -0.0894156 -0.651361 0.260805 0.682923 -0.203285
134 0.758667 -0.100955 -0.113399 -0.636014 0.264814 0.694468 -0.207544
136 0.752379 -0.119772 -0.152879 -0.613713 0.266944 0.714289 -0.204665
137 0.746793 -0.123447 -0.170563 -0.60557 0.264659 0.722428 -0.203321
140 0.73205 -0.158368 -0.193289 -0.581544 0.285286 0.735782 -0.197596
141 0.728126 -0.173174 -0.210751 -0.57176 0.286752 0.744443 -0.191487
145 0.714016 -0.183987 -0.267982 -0.536877 0.286758 0.76732 -0.201873
149 0.6796 -0.219891 -0.349858 -0.488462 0.285169 0.801913 -0.192403
150 0.673864 -0.22276 -0.365757 -0.47918 0.284676 0.807192 -0.194388
152 0.642761 -0.252451 -0.414706 -0.444955 0.287085 0.827655 -0.185969
153 0.615436 -0.270387 -0.439386 -0.42401 0.28977 0.839238 -0.178686
154 0.60041 -0.277992 -0.469593 -0.406435 0.285983 0.849153 -0.178786
155 0.563751 -0.297405 -0.506786 -0.375717 0.286232 0.864432 -0.172235
156 0.533797 -0.309146 -0.534182 -0.353372 0.284447 0.875587 -0.166031
157 0.506014 -0.318122 -0.556352 -0.334083 0.282558 0.88476 -0.160463
158 0.471937 -0.331019 -0.576961 -0.311574 0.283532 0.893974 -0.152781
159 0.441644 -0.338056 -0.598761 -0.289747 0.281525 0.902311 -0.150418
160 0.416059 -0.343337 -0.617023 -0.270772 0.279577 0.909012 -0.149048
161 0.401269 -0.35283 -0.622638 -0.259049 0.283248 0.91154 -0.147512
162 0.358531 -0.358741 -0.640349 -0.229348 0.281588 0.92023 -0.145893
163 0.330045 -0.363259 -0.657994 -0.209087 0.278582 0.926223 -0.14417
164 0.301735 -0.365717 -0.669809 -0.190074 0.276305 0.931495 -0.140869
166 0.261449 -0.372453 -0.67844 -0.166046 0.27635 0.937258 -0.13269
168 0.226288 -0.374402 -0.689858 -0.145288 0.273191 0.942541 -0.125995
170 0.202713 -0.378542 -0.693135 -0.128313 0.274374 0.944805 -0.124892
172 0.160648 -0.386275 -0.692446 -0.101525 0.278689 0.947404 -0.120212
178 0.14501 -0.407717 -0.675168 -0.0905682 0.294536 0.944266 -0.115795
181 0.139405 -0.417141 -0.68147 -0.0837036 0.296862 0.943784 -0.118906
182 0.1343 -0.419644 -0.679552 -0.0799064 0.298897 0.943327 -0.120045
183 0.104689 -0.433442 -0.674501 -0.0600905 0.306636 0.942725 -0.116758
184 0.0973962 -0.431761 -0.675529 -0.0571165 0.304999 0.943731 -0.114391
185 0.06254 -0.42685 -0.680605 -0.0356182 0.298935 0.947203 -0.11034
186 0.0242881 -0.435094 -0.680867 -0.0130524 0.301547 0.947991 -0.101054
187 -0.00386583 -0.430781 -0.684789 0.00336707 0.296626 0.95015 -0.0960055
188 -0.0510557 -0.431772 -0.683551 0.0299867 0.295447 0.951077 -0.0852297
189 -0.0690719 -0.429739 -0.682872 0.040112 0.293666 0.95163 -0.0809382
191 -0.134163 -0.406075 -0.682845 0.0781154 0.277499 0.955301 -0.0655092
194 -0.215006 -0.410307 -0.661815 0.130006 0.279816 0.949476 -0.0574161
196 -0.273285 -0.396013 -0.645473 0.165929 0.273659 0.946361 -0.0444825
198 -0.365072 -0.362128 -0.623303 0.223353 0.254112 0.94064 -0.0271362
200 -0.406216 -0.357556 -0.594914 0.256819 0.253067 0.932263 -0.0297717
202 -0.436447 -0.346492 -0.579655 0.282813 0.243714 0.927057 -0.0344423
203 -0.443975 -0.343087 -0.576497 0.291295 0.23872 0.925527 -0.0394851
204 -0.452106 -0.344255 -0.568784 0.300243 0.238122 0.922625 -0.0437633
207 -0.479972 -0.333017 -0.551415 0.328787 0.227157 0.91536 -0.0491442
209 -0.499076 -0.324985 -0.538715 0.345578 0.222067 0.910487 -0.0477079
210 -0.516739 -0.315108 -0.524208 0.361491 0.21671 0.905715 -0.0451741
211 -0.530959 -0.308513 -0.513611 0.372949 0.213426 0.901972 -0.042496
212 -0.546606 -0.304851 -0.499803 0.384786 0.213113 0.897234 -0.0386555
213 -0.563313 -0.295261 -0.483694 0.399993 0.208172 0.891806 -0.0367839
214 -0.580769 -0.288449 -0.458039 0.418372 0.207998 0.883543 -0.0324589
215 -0.600912 -0.279442 -0.432813 0.439792 0.203047 0.874246 -0.0323827
217 -0.609957 -0.272502 -0.425048 0.450814 0.196252 0.870009 -0.0365595
220 -0.632436 -0.261744 -0.399833 0.477161 0.18463 0.857966 -0.0460731
221 -0.639153 -0.252373 -0.402814 0.478917 0.177587 0.858606 -0.0435473
225 -0.676066 -0.246628 -0.331466 0.520084 0.18202 0.833709 -0.036214
227 -0.704855 -0.217463 -0.280814 0.551958 0.170359 0.81591 -0.0247211
229 -0.73401 -0.183535 -0.220534 0.585853 0.162184 0.793999 -0.00627646
232 -0.75534 -0.14725 -0.152429 0.620799 0.153837 0.768643 0.011434
234 -0.76072 -0.126083 -0.101432 0.647021 0.147673 0.747808 0.0184324
235 -0.762401 -0.115954 -0.0763299 0.660177 0.143611 0.736956 0.0209441
236 -0.758504 -0.105165 -0.0605562 0.66897 0.136804 0.730263 0.0219094
238 -0.764844 -0.0840466 -0.0160291 0.692488 0.127172 0.709572 0.0281863
239 -0.765376 -0.072445 0.0054492 0.703689 0.120799 0.699484 0.0308326
240 -0.761108 -0.067926 0.00682075 0.705479 0.114349 0.698845 0.0289804
241 -0.76193 -0.0513506 0.0397774 0.722065 0.108414 0.682352 0.035563
242 -0.760446 -0.043116 0.0565526 0.73051 0.103588 0.67398 0.0371026
245 -0.759996 -0.0340724 0.0592551 0.735509 0.0879616 0.67099 0.0325853
246 -0.757055 -0.0303681 0.0706822 0.741805 0.0842169 0.664517 0.0323928
247 -0.752384 -0.0239133 0.0886152 0.750855 0.0796952 0.6548 0.0331978
249 -0.749572 -0.00415313 0.118477 0.766009 0.0653081 0.638376 0.0379569
250 -0.743524 0.0107114 0.146312 0.777578 0.0601219 0.624328 0.0444012
252 -0.724921 0.0294211 0.193072 0.798118 0.0513374 0.598169 0.0506556
253 -0.724035 0.0331059 0.199752 0.800741 0.0504111 0.594549 0.0527548
256 -0.706736 0.0701158 0.244142 0.819245 0.0372525 0.567909 0.0702065
257 -0.706771 0.0791027 0.250577 0.821681 0.0331361 0.564182 0.0737664
263 -0.71065 0.130078 0.258428 0.825201 0.00816593 0.556589 0.0958422
264 -0.70941 0.141636 0.264042 0.826729 0.00491176 0.553321 0.101642
265 -0.707072 0.1658 0.258238 0.82449 -0.00970916 0.554784 0.111071
269 -0.686976 0.156053 0.304468 0.842454 0.00102506 0.527728 0.108507
270 -0.676224 0.153252 0.324013 0.84981 0.00197024 0.516301 0.106076
272 -0.651962 0.171052 0.350483 0.860307 -0.00581437 0.496767 0.114281
273 -0.621724 0.195122 0.388272 0.873773 -0.0158348 0.469778 0.124816
274 -0.612032 0.196931 0.400667 0.878098 -0.0175705 0.461615 0.124689
276 -0.571019 0.215846 0.447747 0.894305 -0.0243857 0.426603 0.132792
278 -0.521901 0.242723 0.484328 0.9073 -0.0377136 0.392588 0.145806
280 -0.501248 0.258058 0.509291 0.914018 -0.0383867 0.373293 0.154111
282 -0.463436 0.272647 0.536675 0.922889 -0.042361 0.346734 0.162043
283 -0.439737 0.284705 0.553625 0.927682 -0.0461959 0.330129 0.16819
284 -0.416553 0.295487 0.566267 0.93155 -0.051057 0.315059 0.174201
285 -0.398368 0.307134 0.573543 0.933743 -0.0543225 0.303746 0.181418
286 -0.359999 0.315692 0.593649 0.940338 -0.062003 0.278526 0.185318
287 -0.343275 0.313844 0.594428 0.942806 -0.0614256 0.269303 0.186601
289 -0.297016 0.332043 0.619192 0.948645 -0.069544 0.238635 0.195676
291 -0.281434 0.337121 0.626948 0.95038 -0.0682026 0.229748 0.198348
292 -0.273416 0.336332 0.63146 0.951708 -0.0685136 0.22459 0.197783
294 -0.227138 0.345069 0.640804 0.95596 -0.0720328 0.196843 0.205437
295 -0.205743 0.346238 0.647043 0.95837 -0.0724312 0.18341 0.206498
297 -0.159945 0.356971 0.658433 0.961469 -0.0771864 0.155062 0.213483
299 -0.130578 0.348186 0.661228 0.9648 -0.0807992 0.13638 0.20984
300 -0.104486 0.354576 0.664175 0.965584 -0.0826751 0.120624 0.215088
301 -0.0820096 0.358807 0.667264 0.965899 -0.0887892 0.107013 0.218414
302 -0.0630606 0.366975 0.668 0.9656 -0.0905734 0.0959372 0.224074
306 0.0234738 0.388653 0.666584 0.963392 -0.104789 0.0444422 0.242736
307 0.0408828 0.389864 0.665514 0.962782 -0.109514 0.0336797 0.244791
318 0.109455 0.378514 0.668556 0.960983 -0.129936 -0.00687151 0.244093
324 0.164366 0.351304 0.669722 0.960545 -0.14218 -0.0414873 0.235409
327 0.238107 0.334962 0.652471 0.956108 -0.149772 -0.0875197 0.236149
330 0.326748 0.319713 0.623946 0.947818 -0.154901 -0.141958 0.23978
333 0.399486 0.288906 0.600191 0.941476 -0.156499 -0.189763 0.230479
334 0.424842 0.287324 0.585839 0.936826 -0.158808 -0.205381 0.234424
335 0.451779 0.277442 0.573344 0.932828 -0.160404 -0.223616 0.232589
336 0.470483 0.275574 0.557748 0.928379 -0.161689 -0.237163 0.236055
338 0.507321 0.261968 0.531979 0.920909 -0.163717 -0.264441 0.234935
339 0.524335 0.255498 0.520986 0.917177 -0.165899 -0.27618 0.234495
340 0.540181 0.251795 0.509968 0.9135 -0.166618 -0.287057 0.235273
341 0.569461 0.240289 0.485105 0.905739 -0.168255 -0.310084 0.234894
342 0.58519 0.233579 0.471391 0.901456 -0.16964 -0.32187 0.23452
343 0.605481 0.219749 0.454279 0.896052 -0.171911 -0.338015 0.230831
344 0.616941 0.207588 0.443389 0.892735 -0.174891 -0.347676 0.227065
345 0.627407 0.198705 0.434285 0.890195 -0.174736 -0.356494 0.223455
347 0.652888 0.179058 0.403991 0.880682 -0.178547 -0.37994 0.219466
348 0.666497 0.172172 0.390427 0.875661 -0.18093 -0.390556 0.218971
350 0.680711 0.165698 0.366252 0.868296 -0.181622 -0.405641 0.220297
351 0.692528 0.151268 0.357453 0.863709 -0.18819 -0.4146 0.216097
352 0.708788 0.147423 0.328257 0.854271 -0.187453 -0.432229 0.219682
353 0.720551 0.129113 0.313116 0.848054 -0.193452 -0.444536 0.213939
354 0.731557 0.120398 0.291594 0.840442 -0.195928 -0.457539 0.214307
355 0.741534 0.109096 0.275979 0.834054 -0.200138 -0.467974 0.212835
356 0.751377 0.100493 0.252399 0.824882 -0.204197 -0.481299 0.214999
357 0.758579 0.095437 0.233684 0.81736 -0.207086 -0.4915 0.217869
372 0.811205 -0.0309725 -0.0449177 0.690664 -0.253145 -0.634429 0.237489
373 0.810267 -0.0310079 -0.0475832 0.686922 -0.2569 -0.635358 0.241789
374 0.810481 -0.030009 -0.0544017 0.680262 -0.261203 -0.638007 0.248924
376 0.806137 -0.0338456 -0.060894 0.668179 -0.273648 -0.641063 0.260177
377 0.807075 -0.0397151 -0.0684393 0.661064 -0.278998 -0.644782 0.26346
378 0.802776 -0.0462801 -0.0770382 0.654506 -0.283523 -0.648667 0.265457
380 0.798907 -0.064086 -0.0909228 -0.640104 0.293743 0.658173 -0.266063
381 0.794771 -0.0800762 -0.109946 -0.626967 0.299258 0.668539 -0.265353
382 0.790979 -0.0955379 -0.127377 -0.616709 0.302396 0.677671 -0.262657
383 0.787278 -0.101597 -0.141267 -0.610545 0.300399 0.684987 -0.260363
384 0.783712 -0.111727 -0.151666 -0.603195 0.30367 0.690661 -0.258705
385 0.781926 -0.118265 -0.152634 -0.601025 0.305971 0.69299 -0.254787
387 0.764492 -0.180054 -0.178974 -0.573218 0.327596 0.713096 -0.235789
394 0.743973 -0.202911 -0.232081 -0.53738 0.333487 0.734248 -0.246756
396 0.704232 -0.252502 -0.310612 -0.487888 0.336984 0.769343 -0.237735
399 0.672614 -0.267769 -0.366696 -0.456129 0.328446 0.793003 -0.23498
400 0.663032 -0.275245 -0.380915 -0.447072 0.327721 0.799075 -0.232817
402 0.636023 -0.291389 -0.414341 -0.424333 0.325766 0.813479 -0.228187
403 0.623968 -0.30217 -0.426092 -0.413392 0.328105 0.818733 -0.22612
405 0.588739 -0.323639 -0.464118 -0.38145 0.328242 0.83475 -0.223484
406 0.547641 -0.345201 -0.503758 -0.348047 0.326888 0.851162 -0.218017
407 0.520259 -0.355617 -0.531418 -0.326312 0.323476 0.861439 -0.216347
408 0.50122 -0.365264 -0.541573 -0.312023 0.325094 0.86647 -0.214907
409 0.483705 -0.370471 -0.554237 -0.29664 0.324595 0.871249 -0.2181
411 0.451803 -0.380904 -0.576525 -0.2711 0.322686 0.880032 -0.218912
413 0.422506 -0.389976 -0.595795 -0.249931 0.320364 0.887745 -0.216355
414 0.397528 -0.396059 -0.60685 -0.233226 0.319181 0.893191 -0.214334
415 0.3731 -0.403892 -0.619702 -0.216266 0.317889 0.898414 -0.212198
416 0.344407 -0.410751 -0.624545 -0.198508 0.319199 0.902741 -0.209201
417 0.334814 -0.409676 -0.639283 -0.189564 0.313113 0.906098 -0.212162
418 0.327436 -0.412944 -0.641198 -0.184043 0.31392 0.906845 -0.212638
419 0.290067 -0.416974 -0.659705 -0.157242 0.308043 0.913749 -0.213186
420 0.263343 -0.423018 -0.664245 -0.140312 0.308182 0.917332 -0.209377
421 0.230823 -0.428103 -0.677081 -0.119836 0.304292 0.922495 -0.205056
422 0.21247 -0.433113 -0.681043 -0.110547 0.304529 0.924567 -0.200542
423 0.172686 -0.437207 -0.692655 -0.0891328 0.300161 0.930269 -0.191202
424 0.138005 -0.441105 -0.699012 -0.0701607 0.297913 0.934151 -0.183544
425 0.119754 -0.43789 -0.704011 -0.0611091 0.293606 0.936881 -0.179765
426 0.0956314 -0.44099 -0.707385 -0.0464783 0.292417 0.93887 -0.175657
428 0.0711273 -0.437318 -0.708169 -0.0316142 0.288919 0.941234 -0.172061
432 0.0714158 -0.424105 -0.719184 -0.0261366 0.280795 0.943303 -0.175071
433 0.035283 -0.424868 -0.720801 -0.00779845 0.27807 0.947281 -0.158977
439 0.0287063 -0.418331 -0.7303 0.00214926 0.270685 0.948367 -0.165303
440 0.0165716 -0.420726 -0.729673 0.00951459 0.27106 0.948522 -0.163531
442 -0.0417475 -0.415851 -0.727205 0.0467843 0.261707 0.95014 -0.162956
443 -0.0652167 -0.419704 -0.720279 0.060893 0.263015 0.949999 -0.156898
445 -0.116185 -0.422223 -0.707081 0.0924331 0.261941 0.949081 -0.14862
446 -0.1514 -0.420692 -0.701478 0.114018 0.258492 0.948359 -0.144215
448 -0.189568 -0.403559 -0.698548 0.135588 0.246264 0.95049 -0.132432
449 -0.20713 -0.408336 -0.688352 0.14712 0.249588 0.947991 -0.131813
450 -0.237408 -0.405438 -0.685825 0.163688 0.245328 0.947095 -0.126615
451 -0.280398 -0.393197 -0.677693 0.188285 0.236196 0.945969 -0.117912
452 -0.310536 -0.377078 -0.677945 0.204731 0.223802 0.946251 -0.112282
454 -0.344795 -0.366114 -0.666266 0.225795 0.216927 0.943782 -0.105998
455 -0.365298 -0.360657 -0.656741 0.238691 0.213989 0.941768 -0.101535
457 -0.412807 -0.346486 -0.637947 0.268114 0.204515 0.936775 -0.0934936
458 -0.440489 -0.337278 -0.621384 0.287409 0.19959 0.932566 -0.0887688
459 -0.47728 -0.325176 -0.599429 0.312079 0.193494 0.926586 -0.0812724
460 -0.507088 -0.31449 -0.579308 0.332416 0.189114 0.921019 -0.0738851
461 -0.540314 -0.300318 -0.553696 0.356389 0.182951 0.913864 -0.0660946
462 -0.558596 -0.294164 -0.534855 0.372116 0.180494 0.908262 -0.0633374
463 -0.569041 -0.289925 -0.527541 0.380567 0.177064 0.905465 -0.0628481
465 -0.580095 -0.287532 -0.514137 0.393582 0.174044 0.900359 -0.0644692
466 -0.593068 -0.282886 -0.499865 0.40531 0.171617 0.895718 -0.0629274
468 -0.610448 -0.273064 -0.479603 0.421631 0.166947 0.8893 -0.0591654
469 -0.622307 -0.26824 -0.466059 0.431996 0.165534 0.884789 -0.0559165
470 -0.634879 -0.26139 -0.453677 0.442715 0.161793 0.880333 -0.0532842
475 -0.680509 -0.238781 -0.383752 0.493429 0.152012 0.855345 -0.0424812
476 -0.681157 -0.231096 -0.387554 0.493404 0.145534 0.856484 -0.0425199
480 -0.705125 -0.225993 -0.327562 0.532238 0.146224 0.832947 -0.0392355
482 -0.706477 -0.224997 -0.334726 0.53254 0.13922 0.83361 -0.0459633
488 -0.736578 -0.180323 -0.288282 0.55809 0.126895 0.819833 -0.0175252
489 -0.744115 -0.16504 -0.285359 0.561856 0.117251 0.818767 -0.0138458
496 -0.747114 -0.116495 -0.320103 0.547801 0.0898144 0.831763 0.00416582
497 -0.746938 -0.107158 -0.323457 0.54708 0.0838682 0.832843 0.0065234
507 -0.711398 -0.301211 -0.24358 0.561476 0.191241 0.803013 -0.0578105
508 -0.701506 -0.316479 -0.246497 0.559851 0.193047 0.802579 -0.0718809
510 -0.68439 -0.356993 -0.216779 0.568749 0.213257 0.788973 -0.0925538
511 -0.675344 -0.378335 -0.191475 0.577478 0.225514 0.777912 -0.102545
512 -0.66105 -0.40495 -0.17218 0.580131 0.241336 0.769692 -0.113046
513 -0.660101 -0.416677 -0.157814 0.583108 0.249029 0.764674 -0.115081
516 -0.64958 -0.440756 -0.128597 0.590009 0.26347 0.753115 -0.123657
517 -0.641102 -0.45725 -0.117019 0.593877 0.265559 0.747037 -0.136834
518 -0.626438 -0.473569 -0.0941125 0.602604 0.271264 0.735385 -0.149977
519 -0.622034 -0.474558 -0.0686324 0.614688 0.271407 0.724436 -0.153914
520 -0.622545 -0.472374 -0.0473618 0.626812 0.267217 0.714876 -0.157018
521 -0.624275 -0.466704 -0.0200738 0.642794 0.261511 0.702293 -0.158785
522 -0.626303 -0.456953 0.00473421 0.658814 0.252796 0.690445 -0.159195
523 -0.631025 -0.451319 0.018167 0.669019 0.242826 0.683662 -0.161417
524 -0.633464 -0.442842 0.0458655 0.68443 0.235479 0.670886 -0.161298
525 -0.63641 -0.430363 0.0819404 0.703657 0.226622 0.654614 -0.158082
526 -0.633665 -0.412998 0.132997 0.730755 0.214035 0.629459 -0.154814
527 -0.638284 -0.398845 0.155693 0.742724 0.205164 0.619618 -0.149472
528 -0.634568 -0.387363 0.188397 0.757955 0.199692 0.603746 -0.145322
529 -0.622895 -0.384169 0.218849 0.771958 0.19733 0.586152 -0.146861
531 -0.632317 -0.359495 0.245387 0.783602 0.193165 0.575738 -0.131075
534 -0.609111 -0.379158 0.278123 0.797091 0.193366 0.552971 -0.146555
535 -0.571386 -0.407999 0.307618 0.8048 0.208569 0.531194 -0.163182
536 -0.553389 -0.425913 0.319366 0.807039 0.215564 0.521772 -0.173128
541 -0.507935 -0.465601 0.338727 0.812217 0.224231 0.498609 -0.203501
542 -0.497001 -0.464349 0.355201 0.81962 0.220116 0.487143 -0.206066
544 -0.473752 -0.449779 0.403211 0.837432 0.217315 0.459355 -0.201183
545 -0.458409 -0.449971 0.42224 0.847443 0.208189 0.442409 -0.206816
546 -0.45453 -0.445288 0.4311 0.856731 0.190852 0.430391 -0.210596
547 -0.454618 -0.427872 0.447297 0.865927 0.177804 0.420709 -0.203862
549 -0.477872 -0.397016 0.460826 0.876264 0.150254 0.416018 -0.191088
550 -0.499586 -0.384261 0.457496 0.879117 0.126141 0.418862 -0.189199
554 -0.481268 -0.383384 0.466573 0.884876 0.115809 0.406917 -0.194939
555 -0.4782 -0.374601 0.476183 0.889258 0.108262 0.400966 -0.191638
556 -0.474795 -0.365483 0.484525 0.89436 0.0965735 0.393883 -0.188815
557 -0.451944 -0.353743 0.512062 0.905311 0.0858253 0.372879 -0.18441
558 -0.420875 -0.344905 0.539366 0.917031 0.0731873 0.347079 -0.182299
559 -0.401803 -0.346529 0.547678 0.923361 0.0567887 0.33036 -0.187194
560 -0.38127 -0.347473 0.560925 0.930063 0.0413173 0.311095 -0.191038
561 -0.371004 -0.332971 0.574626 0.936071 0.0257706 0.298713 -0.184056
562 -0.351332 -0.329169 0.585735 0.941626 0.0115245 0.281891 -0.1837
563 -0.332713 -0.329629 0.595375 0.945757 0.00225881 0.267166 -0.184826
566 -0.341221 -0.321011 0.597415 0.946736 -0.0228494 0.263501 -0.183675
567 -0.330892 -0.318723 0.606697 0.949632 -0.0382545 0.250809 -0.183928
569 -0.312751 -0.318779 0.611559 0.952355 -0.0524504 0.236509 -0.18529
570 -0.291842 -0.321044 0.621402 0.955583 -0.0569749 0.221751 -0.185584
571 -0.283729 -0.31743 0.627154 0.957168 -0.0646074 0.21448 -0.183448
572 -0.262421 -0.313678 0.63587 0.960429 -0.0757961 0.197961 -0.180671
573 -0.257794 -0.303842 0.64403 0.962013 -0.0848596 0.192367 -0.174139
574 -0.250815 -0.300269 0.647035 0.962776 -0.0942437 0.185573 -0.172459
575 -0.22289 -0.290287 0.664172 0.967238 -0.100656 0.165541 -0.16406
576 -0.203685 -0.285029 0.67223 0.969231 -0.111317 0.15102 -0.159353
578 -0.171583 -0.271674 0.683975 0.973249 -0.113816 0.132555 -0.149204
579 -0.158346 -0.267871 0.688708 0.974236 -0.120603 0.123007 -0.14556
580 -0.158 -0.262294 0.690923 0.973827 -0.130882 0.119586 -0.142232
581 -0.146416 -0.255425 0.69475 0.974515 -0.139035 0.110195 -0.137282
582 -0.132375 -0.245319 0.701407 0.975783 -0.144325 0.100613 -0.129981
583 -0.131519 -0.235901 0.706081 0.975608 -0.151803 0.0986369 -0.124156
584 -0.114574 -0.234465 0.710433 0.976239 -0.15634 0.0875283 -0.121878
585 -0.0998038 -0.238548 0.711268 0.975382 -0.167473 0.0746761 -0.122504
586 -0.0937068 -0.233584 0.714997 0.97507 -0.174097 0.0702018 -0.118321
588 -0.0785843 -0.237063 0.713279 0.972482 -0.191995 0.0543478 -0.120262
589 -0.0838528 -0.222372 0.715976 0.970141 -0.207994 0.0532316 -0.112835
591 -0.0828598 -0.196132 0.725312 0.968034 -0.225428 0.0479264 -0.0989729
597 -0.0356595 -0.188171 0.730775 0.96673 -0.238047 0.0172207 -0.0920367
598 -0.0297294 -0.194359 0.722385 0.96536 -0.242165 0.0117922 -0.0964188
601 0.0205412 -0.201063 0.717613 0.963972 -0.247854 -0.0174654 -0.0949813
602 0.0449462 -0.204494 0.71475 0.962901 -0.250708 -0.0322757 -0.0944802
604 0.0904037 -0.204204 0.709205 0.961411 -0.253692 -0.0598731 -0.0880006
605 0.114409 -0.207651 0.705036 0.958504 -0.260874 -0.0763393 -0.0859469
607 0.150584 -0.207251 0.698962 0.95039 -0.282889 -0.104242 -0.0765881
610 0.187097 -0.205237 0.690511 0.940807 -0.30585 -0.131085 -0.0644604
613 0.212368 -0.214755 0.683315 0.926148 -0.339411 -0.154168 -0.0572877
618 0.244783 -0.180193 0.693282 0.917802 -0.35864 -0.168411 -0.0255847
619 0.248898 -0.168883 0.694552 0.91751 -0.360006 -0.16808 -0.0178875
625 0.25997 -0.23604 0.669881 0.904605 -0.376503 -0.19392 -0.048281
626 0.272735 -0.252368 0.654519 0.905475 -0.366983 -0.205884 -0.0552283
628 0.25439 -0.303791 0.641654 0.899431 -0.374772 -0.207695 -0.0862102
629 0.248137 -0.324261 0.634002 0.895617 -0.379884 -0.210153 -0.0969201
630 0.256727 -0.338164 0.617109 0.891694 -0.381035 -0.222375 -0.101214
633 0.230266 -0.3771 0.610457 0.881887 -0.397927 -0.220195 -0.124276
634 0.229306 -0.390294 0.601035 0.873055 -0.411498 -0.228602 -0.127224
636 0.243037 -0.395181 0.596249 0.859055 -0.434005 -0.245009 -0.116772
637 0.249782 -0.399281 0.592255 0.853562 -0.441384 -0.252177 -0.114101
640 0.272394 -0.408301 0.575915 0.837137 -0.461284 -0.275013 -0.10386
641 0.274885 -0.420892 0.566505 0.828577 -0.470683 -0.284058 -0.105966
643 0.279401 -0.433944 0.557045 0.81633 -0.484012 -0.296767 -0.106147
644 0.278411 -0.426821 0.564716 0.813923 -0.490565 -0.295077 -0.0990167
645 0.276027 -0.419557 0.571625 0.804089 -0.50774 -0.296428 -0.0881561
646 0.295171 -0.419205 0.566567 0.799169 -0.510241 -0.30766 -0.079554
647 0.305314 -0.428171 0.554703 0.794186 -0.511323 -0.318647 -0.0792482
648 0.334653 -0.425003 0.542405 0.790975 -0.507958 -0.334294 -0.0677105
649 0.34441 -0.424959 0.536552 0.780988 -0.518092 -0.343893 -0.0581053
650 0.351782 -0.43041 0.530822 0.769656 -0.529323 -0.353245 -0.0516139
652 0.373069 -0.42011 0.523542 0.758492 -0.538998 -0.364782 -0.0332579
653 0.379383 -0.427688 0.514898 0.754766 -0.539466 -0.371665 -0.0342104
654 0.388962 -0.427547 0.507143 0.749358 -0.542322 -0.378901 -0.0279901
655 0.398131 -0.425619 0.501364 0.744829 -0.544992 -0.384386 -0.021463
656 0.417827 -0.425234 0.485836 0.739163 -0.543793 -0.397208 -0.0123844
657 0.43942 -0.428367 0.474041 0.731211 -0.545067 -0.410153 -0.00266188
658 0.448037 -0.424405 0.469775 0.726868 -0.547352 -0.414782 0.00498372
661 0.454726 -0.429381 0.452634 0.707907 -0.56068 -0.429249 0.0158636
662 0.443732 -0.451058 0.444506 0.692729 -0.573795 -0.436777 0.0104933
663 0.455934 -0.455684 0.420953 0.68526 -0.571894 -0.450686 0.0154283
664 0.452233 -0.469094 0.414552 0.67551 -0.578702 -0.456736 0.013499
665 0.441066 -0.470884 0.415023 0.669311 -0.586743 -0.45562 0.0128332
666 0.427002 -0.466249 0.433827 0.657257 -0.606629 -0.446779 0.0200651
667 0.440106 -0.452096 0.438665 0.638555 -0.623951 -0.44836 0.0436667
668 0.456768 -0.461551 0.415745 0.628591 -0.62175 -0.464582 0.0496469
669 0.454084 -0.475677 0.405765 -0.618212 0.626484 0.472308 -0.0475001
670 0.465591 -0.466775 0.404832 -0.61327 0.629428 0.473393 -0.0601563
671 0.487933 -0.452297 0.401374 -0.608654 0.630056 0.475748 -0.0789565
673 0.492412 -0.464524 0.380825 -0.604506 0.624578 0.488333 -0.0775005
674 0.497558 -0.469056 0.37158 -0.597754 0.626026 0.494064 -0.0817441
675 0.501843 -0.475715 0.359859 -0.586346 0.629801 0.50194 -0.0872095
676 0.504571 -0.498968 0.325609 -0.563386 0.633658 0.522192 -0.0915933
677 0.508997 -0.514102 0.298395 -0.545133 0.63564 0.537846 -0.0975323
678 0.504854 -0.534646 0.276959 -0.523423 0.641852 0.551423 -0.0999334
679 0.501071 -0.549603 0.253503 -0.50424 0.644934 0.564889 -0.103455
680 0.495607 -0.563631 0.234317 -0.488101 0.647664 0.575516 -0.105219
682 0.46136 -0.603899 0.200533 -0.457076 0.654606 0.595116 -0.0916971
684 0.416045 -0.641909 0.166043 -0.418835 0.663316 0.615109 -0.0789312
687 0.37078 -0.669968 0.14511 -0.385824 0.674101 0.626526 -0.0647451
689 0.365429 -0.682759 0.117449 -0.378265 0.666078 0.640122 -0.0591569
691 0.372018 -0.690837 0.0841339 -0.371275 0.654995 0.655197 -0.0620793
693 0.370577 -0.69834 0.0646574 -0.357165 0.653298 0.664079 -0.0680807
695 0.40158 -0.690293 0.0328203 -0.35029 0.641292 0.676527 -0.0913937
697 0.397302 -0.698937 0.00900823 -0.342485 0.634532 0.687202 -0.0884716
698 0.412417 -0.694025 0.000582412 -0.345092 0.629345 0.689672 -0.0958593
699 0.418672 -0.686536 -0.0100611 -0.345652 0.624083 0.693558 -0.100118
701 0.439178 -0.676698 -0.0203003 -0.351849 0.616762 0.695597 -0.109324
704 0.470552 -0.653084 -0.0513334 -0.345664 0.603175 0.705529 -0.13757
706 0.467521 -0.657541 -0.0533392 -0.342129 0.604563 0.706477 -0.135432
707 0.472844 -0.647492 -0.083477 -0.333847 0.592585 0.718088 -0.147444
708 0.471181 -0.646305 -0.0985074 -0.327643 0.588124 0.723722 -0.151616
709 0.467229 -0.651416 -0.0991004 -0.322987 0.589891 0.72438 -0.151597
710 0.460283 -0.656808 -0.0939129 -0.315947 0.595555 0.722542 -0.153052
711 0.448516 -0.657651 -0.107659 -0.303768 0.593516 0.728625 -0.156745
712 0.440783 -0.668341 -0.106952 -0.293528 0.598411 0.728724 -0.157186
713 0.428584 -0.678719 -0.109398 -0.278194 0.603038 0.730114 -0.160896
714 0.414955 -0.683555 -0.118418 -0.265148 0.603456 0.734218 -0.162669
715 0.401991 -0.688996 -0.125529 -0.249009 0.60495 0.737426 -0.168023
716 0.386144 -0.697405 -0.132085 -0.228563 0.607182 0.74082 -0.173995
717 0.3775 -0.695994 -0.146918 -0.211088 0.603652 0.746181 -0.185094
718 0.367013 -0.707392 -0.144754 -0.195437 0.608952 0.745244 -0.18866
719 0.350964 -0.714148 -0.155074 -0.173973 0.608238 0.749397 -0.195411
721 0.325329 -0.724206 -0.170054 -0.142832 0.606317 0.755593 -0.202627
722 0.308925 -0.724625 -0.181547 -0.123753 0.602666 0.760079 -0.209185
725 0.296609 -0.728702 -0.195559 -0.101471 0.599224 0.763162 -0.219584
726 0.290304 -0.732363 -0.202634 -0.0843042 0.597947 0.763254 -0.229773
727 0.295352 -0.730916 -0.21355 -0.0693925 0.594737 0.76189 -0.246974
731 0.28785 -0.724077 -0.249343 -0.0674252 0.577817 0.774939 -0.247085
732 0.276636 -0.728115 -0.268235 -0.0558929 0.569081 0.780978 -0.251191
733 0.251322 -0.728953 -0.284661 -0.039459 0.561135 0.787422 -0.252065
734 0.22014 -0.73951 -0.275745 -0.0236071 0.5657 0.787599 -0.243135
735 0.177997 -0.745738 -0.28562 0.00283147 0.559344 0.793619 -0.239365
736 0.144267 -0.753439 -0.292567 0.0260877 0.55504 0.796923 -0.236988
737 0.121441 -0.751261 -0.299659 0.0464806 0.547755 0.799426 -0.242325
738 0.117103 -0.751429 -0.293174 0.0560405 0.549198 0.796013 -0.248203
739 0.0932004 -0.753506 -0.293185 0.0734907 0.546117 0.796675 -0.248322
740 0.0731737 -0.756126 -0.289619 0.0875738 0.545053 0.796384 -0.247023
742 0.0436822 -0.758565 -0.286913 0.108679 0.541327 0.796552 -0.246289
743 0.0258895 -0.757803 -0.288769 0.121884 0.536625 0.797384 -0.247701
746 -0.011866 -0.758969 -0.284002 0.148871 0.529973 0.797826 -0.245845
748 -0.0391717 -0.758311 -0.277258 0.170252 0.526022 0.796213 -0.245684
749 -0.0507813 -0.756387 -0.279373 0.181703 0.520188 0.796524 -0.248875
750 -0.0555289 -0.75651 -0.278352 0.189013 0.517946 0.795226 -0.252233
752 -0.0774003 -0.755555 -0.271738 0.211972 0.512563 0.791609 -0.256324
753 -0.0867204 -0.757264 -0.270617 0.223583 0.509174 0.789386 -0.260043
756 -0.109375 -0.757518 -0.252458 0.252413 0.505918 0.781027 -0.265201
759 -0.109956 -0.754178 -0.26453 0.256616 0.499878 0.781749 -0.270444
771 -0.106998 -0.752067 -0.265451 0.277434 0.495901 0.769352 -0.291907
772 -0.112653 -0.750526 -0.269153 0.283728 0.490482 0.769005 -0.295899
775 -0.13897 -0.750127 -0.269924 0.309279 0.47622 0.764613 -0.304842
776 -0.167528 -0.74532 -0.25144 0.330688 0.471875 0.760113 -0.300346
777 -0.191722 -0.740338 -0.248253 0.346188 0.462659 0.759463 -0.298858
779 -0.225795 -0.733182 -0.23431 0.370342 0.452687 0.755444 -0.295339
781 -0.250556 -0.728205 -0.230772 0.389915 0.439979 0.752438 -0.297022
782 -0.261414 -0.724904 -0.231655 0.398632 0.432631 0.751584 -0.298403
783 -0.272344 -0.719433 -0.225455 0.409719 0.426698 0.74868 -0.299227
785 -0.296373 -0.711381 -0.214461 0.430545 0.41481 0.743667 -0.299204
788 -0.313496 -0.709634 -0.214018 0.446856 0.39984 0.73923 -0.306571
789 -0.323925 -0.707851 -0.204449 0.462091 0.390166 0.732381 -0.312827
791 -0.341917 -0.702847 -0.179637 0.489093 0.376604 0.719018 -0.319328
792 -0.35123 -0.7017 -0.160787 0.503774 0.372757 0.71052 -0.320039
793 -0.358953 -0.700908 -0.141405 0.521272 0.365963 0.699349 -0.324435
794 -0.374214 -0.698054 -0.130882 0.535783 0.355191 0.693489 -0.325345
795 -0.382262 -0.693741 -0.124087 0.547027 0.345207 0.687942 -0.329133
796 -0.389376 -0.691285 -0.110659 0.559727 0.338776 0.679999 -0.330965
797 -0.400733 -0.686342 -0.111943 0.565338 0.329435 0.679957 -0.330943
799 -0.407393 -0.683028 -0.0963617 0.579685 0.321403 0.670611 -0.333086
801 -0.41005 -0.668207 -0.0809372 0.592663 0.315387 0.662191 -0.332844
802 -0.422186 -0.676199 -0.073366 0.597281 0.314827 0.660237 -0.328978
803 -0.441225 -0.653574 -0.0815839 0.602035 0.29715 0.666319 -0.324459
804 -0.436758 -0.657586 -0.0691422 0.609455 0.297463 0.657407 -0.328477
806 -0.430108 -0.664001 -0.04382 0.622682 0.297873 0.641177 -0.335308
807 -0.42675 -0.668077 -0.0322982 0.6266 0.299127 0.63613 -0.336502
808 -0.411529 -0.673846 -0.011242 0.633157 0.30811 0.624159 -0.338536
811 -0.403495 -0.676812 0.0191461 0.653584 0.298424 0.602139 -0.348136
812 -0.401563 -0.675467 0.0415837 0.667278 0.29153 0.588929 -0.35059
814 -0.41266 -0.670214 0.0548473 0.679035 0.278537 0.581683 -0.350675
815 -0.427386 -0.656769 0.0805693 0.694631 0.267683 0.573144 -0.342547
817 -0.442276 -0.644676 0.0960787 0.710114 0.24824 0.562372 -0.343296
818 -0.4492 -0.638125 0.104712 0.718399 0.238348 0.556225 -0.343085
820 -0.453022 -0.628613 0.131823 0.738091 0.219251 0.538068 -0.342977
821 -0.460766 -0.626114 0.140698 0.74416 0.210267 0.533203 -0.343088
823 -0.456155 -0.619046 0.16634 0.761932 0.191596 0.512773 -0.346142
824 -0.454895 -0.609587 0.191254 0.77235 0.189352 0.502979 -0.338575
826 -0.449864 -0.605632 0.211001 0.786032 0.172195 0.485492 -0.341759
827 -0.436693 -0.601022 0.23204 0.799421 0.16035 0.465681 -0.344028
828 -0.443628 -0.591585 0.248934 0.810452 0.142972 0.454732 -0.340507
830 -0.444202 -0.583467 0.263505 0.817651 0.136429 0.446777 -0.336487
834 -0.467607 -0.571604 0.269041 0.82894 0.0915938 0.432636 -0.342485
836 -0.453369 -0.569236 0.289016 0.837092 0.0859938 0.417092 -0.343388
839 -0.452388 -0.556857 0.31205 0.847825 0.0716198 0.404433 -0.335405
841 -0.455208 -0.529331 0.342509 0.861984 0.0450896 0.388324 -0.322731
842 -0.451984 -0.528422 0.346698 0.864016 0.0383425 0.383516 -0.323917
845 -0.437231 -0.514702 0.37708 0.876943 0.0144877 0.359613 -0.318496
846 -0.437074 -0.505484 0.387058 0.881639 0.00073305 0.351602 -0.314783
848 -0.419804 -0.506019 0.404068 0.888101 -0.0124079 0.33218 -0.317457
850 -0.407608 -0.50257 0.413989 0.893286 -0.0284661 0.317035 -0.317363
851 -0.398173 -0.506803 0.420224 0.896084 -0.03866 0.30439 -0.320759
853 -0.380738 -0.505793 0.428747 0.900895 -0.0587871 0.284223 -0.322721
854 -0.374103 -0.504352 0.433564 0.902991 -0.0652609 0.276571 -0.322269
858 -0.364256 -0.482238 0.465968 0.912386 -0.0846839 0.257874 -0.3064
860 -0.379412 -0.455823 0.490325 0.916478 -0.101896 0.256192 -0.289915
861 -0.403716 -0.431291 0.499223 0.915905 -0.123367 0.260632 -0.279231
865 -0.412063 -0.396905 0.522337 0.920113 -0.131589 0.262138 -0.259537
868 -0.402926 -0.39723 0.525557 0.921676 -0.133195 0.254509 -0.260763
871 -0.408375 -0.38425 0.534556 0.921578 -0.152715 0.249887 -0.254813
872 -0.386278 -0.382241 0.549759 0.925668 -0.158723 0.234104 -0.251277
874 -0.348329 -0.378456 0.56895 0.930103 -0.179293 0.204723 -0.246679
877 -0.290255 -0.387857 0.592546 0.935501 -0.196624 0.161396 -0.24521
880 -0.234964 -0.389079 0.611772 0.940539 -0.206734 0.124542 -0.239032
881 -0.216957 -0.390924 0.619534 0.941248 -0.21376 0.109728 -0.237314
883 -0.189676 -0.393781 0.62346 0.940276 -0.228131 0.0868916 -0.237251
884 -0.171267 -0.394877 0.627198 0.940548 -0.233202 0.073765 -0.23568
886 -0.147742 -0.381751 0.641819 0.941487 -0.245048 0.0566537 -0.224374
887 -0.131251 -0.374704 0.65054 0.941658 -0.253211 0.0446641 -0.217186
889 -0.083435 -0.364027 0.663044 0.94069 -0.272566 0.00984904 -0.201775
890 -0.0778114 -0.36101 0.664372 0.935926 -0.291762 -0.000749246 -0.197272
891 -0.0557659 -0.358968 0.669983 0.934783 -0.29916 -0.0158921 -0.190869
892 -0.0302286 -0.359782 0.669905 0.932693 -0.307556 -0.0335647 -0.18538
893 -0.0075857 -0.362958 0.668178 0.927958 -0.32142 -0.0525813 -0.181156
894 0.0252598 -0.363636 0.661218 0.92556 -0.327165 -0.0751543 -0.175079
895 0.0400894 -0.365244 0.656992 0.921862 -0.336085 -0.0880207 -0.171664
896 0.0543375 -0.368068 0.654859 0.918441 -0.343363 -0.100385 -0.168793
898 0.0902702 -0.375395 0.646397 0.908774 -0.361929 -0.131653 -0.160637
902 0.125153 -0.389213 0.626188 0.896413 -0.380742 -0.164883 -0.155858
909 0.164222 -0.362896 0.63997 0.888874 -0.398904 -0.186768 -0.126082
915 0.207336 -0.347712 0.63568 0.882146 -0.408733 -0.210154 -0.102912
917 0.230694 -0.33247 0.636763 0.879176 -0.413557 -0.220577 -0.0858204
918 0.224061 -0.331928 0.642674 0.877675 -0.419137 -0.215842 -0.0861536
920 0.248814 -0.310119 0.641188 0.877757 -0.417964 -0.224562 -0.0664837
923 0.285529 -0.308188 0.634021 0.869202 -0.426089 -0.245513 -0.0515606
924 0.297169 -0.315165 0.634933 0.864041 -0.432568 -0.252423 -0.0509957
926 0.333859 -0.280839 0.631397 0.86305 -0.430054 -0.263951 -0.022973
927 0.333186 -0.292372 0.633361 0.860726 -0.433478 -0.265389 -0.0285728
929 0.361649 -0.295782 0.618735 0.849779 -0.442439 -0.286 -0.0180982
930 0.383246 -0.313416 0.599589 0.841286 -0.446121 -0.304776 -0.0180489
931 0.398085 -0.329702 0.578738 0.832768 -0.450529 -0.321154 -0.0195246
933 0.42417 -0.33835 0.554522 0.819881 -0.457439 -0.344128 -0.0109984
934 0.438313 -0.341455 0.542346 0.811026 -0.463623 -0.356756 -0.00391087
935 0.447998 -0.338889 0.536811 0.804275 -0.469235 -0.364622 0.00344311
936 0.457064 -0.341748 0.529728 0.796177 -0.475879 -0.373578 0.00901305
937 0.467521 -0.344234 0.521683 0.789676 -0.479876 -0.382028 0.0136192
938 0.484436 -0.354862 0.50046 0.778982 -0.483187 -0.399272 0.0173002
939 0.502126 -0.35237 0.489147 0.771807 -0.485635 -0.409556 0.0271321
940 0.51011 -0.364268 0.47425 0.763637 -0.488967 -0.42078 0.0267115
942 0.522358 -0.376554 0.457831 0.759778 -0.484257 -0.433191 0.0240318
943 0.511776 -0.389753 0.457647 0.751521 -0.496294 -0.434164 0.0202469
945 0.533787 -0.378126 0.451084 0.750673 -0.490517 -0.441406 0.0323033
948 0.566453 -0.35095 0.43651 0.744287 -0.487941 -0.452261 0.0584046
949 0.57435 -0.34488 0.427816 0.742869 -0.48551 -0.456413 0.0641362
950 0.593304 -0.350445 0.399722 0.735339 -0.480537 -0.472964 0.0683105
951 0.603139 -0.345408 0.390439 0.731306 -0.480392 -0.478216 0.0756662
952 0.625497 -0.347535 0.358519 0.722025 -0.474439 -0.496565 0.0837308
953 0.634459 -0.346098 0.351661 0.719207 -0.473685 -0.500596 0.0881406
954 0.648697 -0.344766 0.331742 0.713651 -0.469801 -0.510863 0.0949063
955 0.653516 -0.350639 0.315341 0.709072 -0.467827 -0.519143 0.0940487
956 0.663199 -0.358088 0.287805 0.698234 -0.467288 -0.533249 0.098778
957 0.666929 -0.386768 0.24199 0.678186 -0.468231 -0.558543 0.0940885
958 0.670454 -0.402613 0.211794 0.665843 -0.467505 -0.57403 0.092635
959 0.669233 -0.42195 0.181441 0.651867 -0.468814 -0.589248 0.0898369
960 0.663097 -0.446301 0.146075 0.635285 -0.470251 -0.606845 0.0837628
964 0.63203 -0.490674 0.10903 -0.607694 0.484233 0.625413 -0.0713068
968 0.586823 -0.532334 0.113363 -0.589355 0.508578 0.62535 -0.0542835
969 0.574782 -0.542506 0.107519 -0.578377 0.516131 0.629394 -0.0543341
971 0.549504 -0.570047 0.0838934 -0.55197 0.52901 0.642523 -0.0514019
972 0.537566 -0.582034 0.0631078 -0.535521 0.532867 0.653127 -0.0519026
974 0.513661 -0.604341 0.064958 -0.516032 0.551279 0.653735 -0.0493183
975 0.502242 -0.614565 0.0501479 -0.500406 0.555742 0.661964 -0.0504753
977 0.48535 -0.631039 0.0180451 -0.470467 0.561359 0.678532 -0.0559605
978 0.48793 -0.630563 -0.013758 -0.456043 0.553538 0.693783 -0.06546
980 0.465346 -0.648269 -0.0388732 -0.429526 0.558595 0.706464 -0.0662451
981 0.459084 -0.655947 -0.0311842 -0.422816 0.566936 0.703819 -0.0666965
983 0.430117 -0.677069 -0.0580945 -0.387551 0.573786 0.718044 -0.0706145
986 0.397953 -0.691233 -0.0787325 -0.34757 0.582324 0.730534 -0.0800826
989 0.38058 -0.701577 -0.0993132 -0.306458 0.589436 0.741126 -0.0968562
990 0.386575 -0.693678 -0.134899 -0.298158 0.574307 0.755022 -0.105905
992 0.36716 -0.709512 -0.109289 -0.276118 0.595507 0.746105 -0.111614
993 0.367751 -0.709028 -0.110167 -0.271041 0.596359 0.746243 -0.118378
994 0.361155 -0.715284 -0.112969 -0.265946 0.596885 0.747737 -0.11786
995 0.34513 -0.719443 -0.119665 -0.241073 0.600711 0.751332 -0.128567
996 0.351729 -0.711691 -0.125458 -0.236071 0.597637 0.752815 -0.142725
997 0.309448 -0.730144 -0.144837 -0.212568 0.596744 0.762351 -0.132413
999 0.271115 -0.739345 -0.157404 -0.203095 0.59707 0.766351 -0.122336
1001 0.223696 -0.753511 -0.17284 -0.169793 0.597608 0.773276 -0.126803
1002 0.190678 -0.762454 -0.195347 -0.147785 0.591209 0.782721 -0.126407
1003 0.18077 -0.767845 -0.198877 -0.144354 0.591167 0.783394 -0.126399
1004 0.153753 -0.774322 -0.21524 -0.123419 0.585536 0.790531 -0.130296
1005 0.128381 -0.780129 -0.224398 -0.103406 0.582325 0.795396 -0.13248
1006 0.110881 -0.784491 -0.229809 -0.0886764 0.579576 0.798965 -0.133727
1007 0.108514 -0.786683 -0.232131 -0.0810131 0.577503 0.800414 -0.138798
1008 0.103128 -0.79115 -0.221784 -0.0660303 0.58015 0.798224 -0.148002
1022 0.197713 -0.781789 -0.257767 -0.101351 0.568775 0.801328 -0.15523
