1 0.126968 -0.258332 0.538874 0.98103 -0.10373 -0.145436 -0.0752924
2 0.108121 -0.10812 0.585838 0.985322 -0.114718 -0.123517 0.0268978
3 0.108816 -0.0988275 0.579876 0.984229 -0.120132 -0.126025 0.0312764
5 0.186215 -0.0824698 0.558354 0.974481 -0.123879 -0.179519 0.0530366
6 0.259641 -0.0712049 0.538154 0.965211 -0.109945 -0.227102 0.0685833
9 0.298054 -0.0722983 0.517244 0.951405 -0.13547 -0.265582 0.0770877
11 0.320491 -0.104538 0.496085 0.93809 -0.161875 -0.300295 0.0600566
15 0.315894 -0.139744 0.482974 0.928895 -0.189872 -0.315657 0.0382475
16 0.31442 -0.139985 0.486659 0.927649 -0.195717 -0.315695 0.0387243
19 0.330719 -0.165388 0.467988 0.918713 -0.205509 -0.336667 0.0196925
20 0.336628 -0.180634 0.456717 0.91441 -0.210724 -0.345533 0.00751983
21 0.343479 -0.194234 0.445928 0.909849 -0.216219 -0.354139 -0.00316084
22 0.347579 -0.205838 0.437975 0.906477 -0.221323 -0.359391 -0.0124111
23 0.351005 -0.21286 0.434277 0.904664 -0.224871 -0.36151 -0.0180737
24 0.362164 -0.242442 0.412971 0.894056 -0.234222 -0.379944 -0.0380277
25 0.363258 -0.265584 0.398584 0.885282 -0.247146 -0.390447 -0.0523984
27 0.362114 -0.273018 0.38863 0.875619 -0.266575 -0.398552 -0.0581817
28 0.360514 -0.289235 0.377154 0.869259 -0.275558 -0.404497 -0.069562
29 0.361354 -0.303324 0.365455 0.863982 -0.280856 -0.410447 -0.0786681
30 0.363799 -0.307516 0.361075 0.860467 -0.285986 -0.41407 -0.0797152
31 0.365568 -0.309579 0.358301 0.858286 -0.289882 -0.415812 -0.0800867
34 0.39318 -0.307626 0.337308 0.847523 -0.29092 -0.437735 -0.0738835
35 0.406403 -0.297191 0.33744 0.845927 -0.289478 -0.443293 -0.0640405
36 0.417118 -0.290448 0.334278 0.842175 -0.291387 -0.45019 -0.056245
39 0.4295 -0.280284 0.322919 0.834445 -0.297563 -0.461454 -0.0470956
40 0.442331 -0.283042 0.304434 0.827526 -0.295257 -0.475331 -0.0456513
41 0.450209 -0.290083 0.287423 0.820061 -0.296461 -0.487272 -0.0466573
42 0.459345 -0.293804 0.273135 0.811135 -0.301172 -0.499515 -0.0429054
43 0.468203 -0.29005 0.267132 0.805622 -0.304873 -0.506812 -0.0341559
44 0.476495 -0.293102 0.255324 0.794729 -0.313398 -0.519031 -0.0281866
45 0.489343 -0.292605 0.239348 0.781086 -0.320575 -0.535583 -0.0169161
46 0.495961 -0.296788 0.226239 0.771673 -0.324237 -0.546987 -0.014002
48 0.504449 -0.302148 0.206897 0.759203 -0.328416 -0.5618 -0.011551
49 0.51038 -0.310541 0.186212 0.748554 -0.329538 -0.575248 -0.0126976
50 0.510622 -0.321188 0.169526 0.738078 -0.334144 -0.585959 -0.0154938
51 0.509153 -0.331383 0.15482 0.728522 -0.338638 -0.595171 -0.0187547
52 0.499365 -0.347927 0.142691 0.717541 -0.348083 -0.60271 -0.0267187
53 0.490669 -0.361773 0.133044 0.708389 -0.355586 -0.608814 -0.033007
54 0.480006 -0.380356 0.115725 0.695865 -0.363365 -0.61805 -0.0418639
55 0.472552 -0.395046 0.0974985 0.684621 -0.367161 -0.6276 -0.051036
57 0.451803 -0.422923 0.0721697 0.663955 -0.380527 -0.63992 -0.0697495
58 0.44297 -0.431926 0.0778274 0.660042 -0.392515 -0.63641 -0.0725223
62 0.435608 -0.44579 0.0946859 0.656087 -0.413186 -0.6276 -0.0703153
63 0.424588 -0.453829 0.110016 0.657172 -0.425169 -0.617893 -0.0745972
64 0.414342 -0.464316 0.117393 0.654365 -0.435159 -0.613434 -0.0783692
65 0.415525 -0.465236 0.124269 0.654135 -0.440216 -0.610567 -0.0743289
67 0.433955 -0.451808 0.139967 0.650577 -0.451303 -0.608824 -0.0490746
68 0.433172 -0.45359 0.145134 0.648832 -0.457371 -0.606256 -0.0477758
69 0.437337 -0.455447 0.128222 0.634182 -0.462797 -0.618063 -0.040368
70 0.439495 -0.451033 0.128879 0.628081 -0.471161 -0.61849 -0.0314814
71 0.441507 -0.451564 0.123496 -0.621574 0.474842 0.622396 0.0281812
73 0.436622 -0.454053 0.109399 -0.607183 0.482027 0.631174 0.024463
74 0.428176 -0.4623 0.101119 -0.597415 0.487305 0.636217 0.0292677
75 0.42796 -0.462077 0.096458 -0.589485 0.492289 0.639969 0.0244432
77 0.424355 -0.466201 0.080513 -0.575668 0.495686 0.649908 0.0228022
78 0.425755 -0.467494 0.075486 -0.569515 0.497826 0.653793 0.0193934
80 0.419792 -0.480235 0.0469931 -0.549128 0.499524 0.669713 0.0204654
81 0.421884 -0.48038 0.0383963 -0.537244 0.503817 0.676337 0.0102751
83 0.414812 -0.491572 0.0129708 -0.516322 0.506226 0.690698 0.00914807
84 0.404578 -0.499127 0.00393817 -0.503798 0.511272 0.696173 0.0115102
86 0.384497 -0.518633 -0.0252305 -0.466051 0.522276 0.714101 0.00916408
88 0.369961 -0.528176 -0.0562775 -0.43573 0.52406 0.731771 0.00357073
89 0.359578 -0.534535 -0.0693404 -0.418075 0.527259 0.739735 0.0015215
90 0.347554 -0.541736 -0.081028 -0.399714 0.531171 0.747052 0.000125404
91 0.337658 -0.548341 -0.0923584 -0.381471 0.534646 0.754073 -0.00267474
92 0.33189 -0.551152 -0.0985163 -0.37165 0.535996 0.758002 -0.0041702
93 0.324335 -0.554631 -0.105242 -0.364155 0.536606 0.761209 -0.00232214
95 0.310646 -0.560959 -0.116717 -0.346883 0.539163 0.767439 -0.00355737
97 0.292741 -0.568254 -0.129074 -0.3272 0.542263 0.773879 -0.0014271
99 0.27974 -0.573712 -0.149065 -0.302203 0.54193 0.784189 -0.00575119
100 0.274362 -0.576516 -0.154188 -0.292451 0.543371 0.786867 -0.0077504
101 0.268778 -0.579996 -0.151339 -0.28412 0.548972 0.786005 -0.0101487
103 0.252118 -0.588218 -0.147799 -0.263873 0.560167 0.785151 -0.0110686
104 0.251348 -0.589431 -0.144319 -0.25915 0.564101 0.783832 -0.0154878
108 0.219267 -0.597805 -0.143265 -0.241057 0.571112 0.784674 -0.00298114
109 0.219391 -0.595344 -0.151615 -0.227922 0.569865 0.789358 -0.014846
110 0.204199 -0.598087 -0.162444 -0.209321 0.569512 0.794689 -0.0175893
111 0.172535 -0.607254 -0.172648 -0.183304 0.573535 0.798308 -0.0126994
112 0.156732 -0.61184 -0.177989 -0.173561 0.573804 0.800351 -0.00792757
113 0.121383 -0.617708 -0.201368 -0.146007 0.566842 0.810784 -0.00077713
114 0.0933505 -0.6209 -0.20893 -0.121114 0.567009 0.814759 0.000183713
115 0.0721345 -0.620739 -0.211758 -0.0978638 0.567815 0.817313 -0.00284901
117 0.0548642 -0.621347 -0.211089 -0.080065 0.569795 0.817856 -0.00585506
118 0.0400681 -0.621426 -0.214577 -0.0668735 0.568835 0.819713 -0.00500215
119 0.0321021 -0.620431 -0.218032 -0.0584222 0.56699 0.821636 -0.00485547
121 0.00826431 -0.619786 -0.22655 -0.0372719 0.562976 0.825627 -0.00281658
122 -0.00130468 -0.619113 -0.231335 -0.0290352 0.560542 0.827614 -0.00211568
123 -0.0251569 -0.618289 -0.238027 -0.0089942 0.556758 0.830626 -9.42424e-05
124 -0.0402381 -0.613322 -0.249901 0.0079955 0.547789 0.836578 -0.000974277
126 -0.0680605 -0.611032 -0.242837 0.0390079 0.549149 0.834788 -0.00654073
127 -0.072998 -0.609898 -0.241713 0.047602 0.548641 0.834636 -0.0104817
128 -0.0892428 -0.608081 -0.236078 0.0636828 0.549902 0.832722 -0.011235
129 -0.100289 -0.608875 -0.222161 0.0789536 0.556573 0.826911 -0.0145496
130 -0.108298 -0.609711 -0.217683 0.0941309 0.556714 0.825072 -0.0215728
131 -0.119672 -0.606943 -0.217322 0.109497 0.553419 0.825309 -0.0245676
132 -0.127498 -0.607312 -0.215026 0.122842 0.552104 0.824148 -0.029531
133 -0.140474 -0.60367 -0.214253 0.139622 0.548295 0.823923 -0.0320886
134 -0.146752 -0.601907 -0.218673 0.146884 0.543899 0.825535 -0.0330236
135 -0.156275 -0.601504 -0.217159 0.161481 0.541177 0.82438 -0.0380659
137 -0.168003 -0.596925 -0.229542 0.17544 0.528758 0.829414 -0.0413287
138 -0.163507 -0.599644 -0.226178 0.182376 0.530636 0.826082 -0.0524586
140 -0.168447 -0.596638 -0.235278 0.195043 0.520448 0.829036 -0.0615735
141 -0.175569 -0.598779 -0.228677 0.203718 0.523619 0.824982 -0.0610476
145 -0.158122 -0.602782 -0.233077 0.219727 0.519252 0.82086 -0.0910311
147 -0.177821 -0.599843 -0.225567 0.236846 0.517601 0.817677 -0.0860133
151 -0.203906 -0.597178 -0.209884 0.25651 0.517544 0.812427 -0.07946
152 -0.206487 -0.597251 -0.208898 0.262098 0.516639 0.810875 -0.0828866
153 -0.225782 -0.590964 -0.205757 0.278421 0.510748 0.80955 -0.0790334
154 -0.245197 -0.586586 -0.190616 0.296873 0.510747 0.803308 -0.0755008
155 -0.262554 -0.579592 -0.188988 0.309403 0.50441 0.80305 -0.0703642
156 -0.273927 -0.576676 -0.186816 0.322295 0.499156 0.800941 -0.0739103
157 -0.299014 -0.566104 -0.170257 0.341025 0.497002 0.79534 -0.0642322
158 -0.314937 -0.560135 -0.145089 0.358022 0.501932 0.785072 -0.0595639
159 -0.343005 -0.546297 -0.130659 0.384496 0.49339 0.778334 -0.0540849
160 -0.355675 -0.538902 -0.127515 0.399829 0.48407 0.776288 -0.0564784
161 -0.361374 -0.534503 -0.124932 0.412981 0.47635 0.77375 -0.0620349
162 -0.366451 -0.532088 -0.12182 0.423474 0.471235 0.770801 -0.0668816
163 -0.375413 -0.526724 -0.114709 0.433958 0.467519 0.767329 -0.0656707
164 -0.388786 -0.519263 -0.103266 0.448813 0.462863 0.761751 -0.0637218
165 -0.408194 -0.506252 -0.0854385 0.470378 0.455849 0.753211 -0.0601589
167 -0.43205 -0.487379 -0.0559001 0.508817 0.440043 0.737227 -0.0629652
169 -0.468102 -0.44915 0.00296072 0.56007 0.425605 0.709001 -0.049999
172 -0.472069 -0.43382 0.0394232 0.598414 0.408926 0.686203 -0.061689
175 -0.479587 -0.416484 0.0709293 0.629188 0.392917 0.667407 -0.0656237
176 -0.482425 -0.409723 0.0843628 0.640043 0.388875 0.659427 -0.0653979
178 -0.488453 -0.393783 0.110884 0.665083 0.374768 0.642565 -0.0657626
181 -0.487875 -0.375412 0.146042 0.698493 0.35614 0.616507 -0.0720485
184 -0.498266 -0.363455 0.157808 0.72669 0.321973 0.600834 -0.0851652
185 -0.51117 -0.351965 0.157851 0.734817 0.306032 0.599649 -0.0825249
187 -0.495411 -0.366438 0.168541 0.744638 0.303871 0.585216 -0.103436
188 -0.490615 -0.362869 0.178381 0.755855 0.293815 0.574782 -0.109466
189 -0.482533 -0.366538 0.187267 0.763002 0.291554 0.564921 -0.116998
194 -0.469286 -0.361628 0.209229 0.778271 0.283755 0.546438 -0.123217
195 -0.472672 -0.354979 0.215528 0.787931 0.26821 0.539924 -0.125341
196 -0.465609 -0.349871 0.234408 0.799341 0.262465 0.525583 -0.126208
198 -0.459673 -0.334891 0.267635 0.817713 0.251284 0.503533 -0.12106
199 -0.4539 -0.328344 0.280471 0.824572 0.248382 0.494027 -0.119686
201 -0.43573 -0.313184 0.311121 0.845017 0.231166 0.466644 -0.121461
203 -0.414866 -0.290017 0.353145 0.864902 0.22123 0.436138 -0.113072
205 -0.392018 -0.268118 0.389757 0.881324 0.215173 0.407663 -0.103827
206 -0.37982 -0.267661 0.400763 0.886181 0.21317 0.397158 -0.107267
209 -0.344635 -0.248319 0.433893 0.900781 0.210375 0.366168 -0.101275
210 -0.335208 -0.242465 0.442977 0.906795 0.205261 0.354701 -0.0988842
213 -0.318873 -0.242513 0.453381 0.915051 0.193984 0.337708 -0.104904
215 -0.308438 -0.235132 0.46214 0.922461 0.183305 0.32364 -0.103544
217 -0.306696 -0.236447 0.464408 0.926943 0.167952 0.317502 -0.108454
219 -0.288353 -0.223916 0.479474 0.935662 0.158589 0.297906 -0.103139
220 -0.273721 -0.223145 0.486778 0.940471 0.152943 0.284613 -0.105446
221 -0.255032 -0.217897 0.496 0.948858 0.136946 0.264237 -0.105321
222 -0.2416 -0.213987 0.503096 0.953748 0.128487 0.250848 -0.104553
225 -0.213597 -0.20984 0.518349 0.963298 0.109132 0.220802 -0.106738
228 -0.195418 -0.218933 0.523432 0.968533 0.0897029 0.199866 -0.118118
229 -0.190496 -0.216337 0.525757 0.970388 0.0838298 0.193774 -0.117348
232 -0.166268 -0.229505 0.52793 0.974453 0.0660633 0.170801 -0.130018
233 -0.149592 -0.235326 0.529748 0.976811 0.054655 0.154861 -0.137371
235 -0.116604 -0.238742 0.537957 0.981103 0.0407402 0.125613 -0.141419
236 -0.103902 -0.244494 0.5375 0.981597 0.0398314 0.116494 -0.14598
238 -0.0760744 -0.234225 0.548393 0.986057 0.0233618 0.0888754 -0.138732
239 -0.0710401 -0.223386 0.554873 0.988103 0.0102898 0.0799349 -0.130983
240 -0.0631011 -0.214609 0.560403 0.989756 -0.0037979 0.0687012 -0.125093
241 -0.0467445 -0.201143 0.568875 0.991853 -0.0130699 0.0535754 -0.114834
243 -0.014013 -0.197717 0.572577 0.99313 -0.0143946 0.0319191 -0.111651
244 0.0106145 -0.189482 0.576151 0.994201 -0.0164447 0.0145934 -0.105269
246 0.0653756 -0.191054 0.572593 0.993819 -0.0239059 -0.02424 -0.105659
248 0.11323 -0.189326 0.56573 0.992484 -0.0294665 -0.0587348 -0.103231
249 0.130628 -0.190791 0.562188 0.991318 -0.0360722 -0.0726123 -0.103511
250 0.14365 -0.188349 0.558624 0.990479 -0.0406768 -0.0837602 -0.101397
251 0.15381 -0.185207 0.558004 0.989776 -0.0461431 -0.0929929 -0.0978051
253 0.165425 -0.189461 0.552103 0.987371 -0.0614545 -0.107227 -0.0991145
255 0.172913 -0.193236 0.546262 0.984497 -0.0790497 -0.120719 -0.0997196
256 0.176214 -0.192246 0.54395 0.982945 -0.08906 -0.127656 -0.0979345
257 0.189179 -0.189723 0.539326 0.981444 -0.0909505 -0.139499 -0.0950536
259 0.19948 -0.194752 0.528382 0.976924 -0.109849 -0.15629 -0.0955359
260 0.200085 -0.1958 0.525411 0.975448 -0.116989 -0.160422 -0.0952861
261 0.20591 -0.195354 0.522059 0.974104 -0.120467 -0.166502 -0.0942628
263 0.218278 -0.202558 0.512125 0.968178 -0.139807 -0.184699 -0.0947146
264 0.222171 -0.202579 0.509969 0.965923 -0.14753 -0.191411 -0.0926817
265 0.232799 -0.204232 0.505305 0.962907 -0.15448 -0.20159 -0.0911425
266 0.248504 -0.20615 0.498177 0.958881 -0.160834 -0.216145 -0.0892289
267 0.254314 -0.207759 0.496339 0.955845 -0.169246 -0.223752 -0.0874721
268 0.271651 -0.211007 0.486845 0.948437 -0.185506 -0.243268 -0.0829144
269 0.281681 -0.215656 0.479746 0.941908 -0.199999 -0.257359 -0.0811003
270 0.294901 -0.213422 0.473645 0.937909 -0.205307 -0.269196 -0.0755666
271 0.31114 -0.219146 0.462876 0.932162 -0.210324 -0.28476 -0.0758217
272 0.320335 -0.220664 0.456584 0.925628 -0.223461 -0.296958 -0.0713704
273 0.332946 -0.224324 0.448322 0.919653 -0.230947 -0.309977 -0.0693989
274 0.345528 -0.228866 0.440999 0.913872 -0.237693 -0.322102 -0.0677466
275 0.349728 -0.24084 0.43411 0.908483 -0.245265 -0.330391 -0.0731172
276 0.354093 -0.262673 0.421492 0.898832 -0.258304 -0.343883 -0.0844064
277 0.358916 -0.271146 0.412958 0.888077 -0.277786 -0.356809 -0.082712
279 0.353969 -0.290669 0.402676 0.882679 -0.285067 -0.361349 -0.0950854
283 0.35612 -0.296859 0.387521 0.86507 -0.315848 -0.380011 -0.0865189
285 0.378128 -0.311857 0.356582 0.844588 -0.332881 -0.411228 -0.0821771
287 0.397066 -0.329182 0.322595 0.812316 -0.365288 -0.449105 -0.0707977
290 0.415186 -0.340615 0.294207 0.787814 -0.383441 -0.478098 -0.0611851
292 0.429891 -0.351899 0.259808 0.76615 -0.392704 -0.505762 -0.0547944
294 0.437747 -0.369776 0.228962 0.742431 -0.406453 -0.529938 -0.0525107
296 0.439836 -0.397514 0.181115 0.715733 -0.413802 -0.559287 -0.0607708
298 0.4375 -0.416065 0.146239 0.68826 -0.427609 -0.583234 -0.0573308
312 0.407263 -0.481602 0.00534188 -0.532587 0.492237 0.688318 0.0164904
321 0.410538 -0.485006 -0.0321149 -0.461479 0.515981 0.720711 -0.0370947
325 0.390359 -0.506012 -0.0344974 -0.426129 0.540218 0.724336 -0.043759
329 0.361937 -0.523957 -0.0562556 -0.384446 0.551798 0.738467 -0.0488551
331 0.346171 -0.534736 -0.0798392 -0.346369 0.557811 0.751643 -0.0625113
333 0.315505 -0.552094 -0.110502 -0.300575 0.561637 0.767675 -0.069953
335 0.267263 -0.571071 -0.145735 -0.258948 0.55997 0.784732 -0.0597885
337 0.223794 -0.584441 -0.16721 -0.219183 0.562077 0.795649 -0.0545031
339 0.181233 -0.594773 -0.18495 -0.182808 0.563007 0.804617 -0.0468619
341 0.12196 -0.60578 -0.198106 -0.138473 0.56653 0.811522 -0.0360633
343 0.0831406 -0.609985 -0.197882 -0.102627 0.571021 0.813701 -0.0359528
344 0.0689974 -0.611688 -0.194409 -0.0861591 0.573973 0.813417 -0.0385389
346 0.0385298 -0.612545 -0.191268 -0.0510894 0.576471 0.81444 -0.0419379
349 0.0217387 -0.612278 -0.181765 -0.010455 0.579406 0.812665 -0.0612734
352 -0.001742 -0.613632 -0.188479 0.0284814 0.573442 0.81543 -0.0736662
355 -0.0336066 -0.611057 -0.203384 0.0650516 0.560576 0.82189 -0.077583
356 -0.0442238 -0.610784 -0.206966 0.0752701 0.557272 0.823311 -0.0770785
359 -0.0696342 -0.60792 -0.212795 0.107255 0.548153 0.82543 -0.0817914
360 -0.0857363 -0.607652 -0.21432 0.124704 0.544627 0.825187 -0.0830497
362 -0.111657 -0.604858 -0.219816 0.147581 0.537325 0.826361 -0.0814173
363 -0.123584 -0.603287 -0.216149 0.163301 0.53485 0.824691 -0.0845732
364 -0.142067 -0.602971 -0.212277 0.182407 0.53137 0.822881 -0.0850928
366 -0.155797 -0.606253 -0.208346 0.212003 0.526023 0.817667 -0.0988704
369 -0.16895 -0.605299 -0.20228 0.244146 0.518222 0.811734 -0.113693
370 -0.167903 -0.607909 -0.190214 0.250599 0.523176 0.805784 -0.11916
371 -0.167668 -0.607464 -0.191772 0.253758 0.520465 0.805981 -0.122957
374 -0.196111 -0.599764 -0.182681 0.288736 0.510145 0.800114 -0.127287
375 -0.206722 -0.597231 -0.175035 0.301071 0.508759 0.796397 -0.127559
378 -0.235052 -0.587348 -0.152817 0.329999 0.505506 0.787656 -0.123135
379 -0.252316 -0.581469 -0.143948 0.343048 0.502431 0.784709 -0.118799
380 -0.269984 -0.575466 -0.130575 0.360088 0.4994 0.779467 -0.115613
381 -0.279206 -0.571734 -0.120555 0.373853 0.496138 0.774783 -0.117442
382 -0.291165 -0.565608 -0.110467 0.39153 0.4895 0.76993 -0.119592
383 -0.300118 -0.561291 -0.0964971 0.409776 0.48526 0.762448 -0.123614
384 -0.314627 -0.552982 -0.0738509 0.433631 0.48186 0.751437 -0.122956
385 -0.325884 -0.545443 -0.0575075 0.451735 0.477704 0.743526 -0.122078
386 -0.337376 -0.53684 -0.0393493 0.47133 0.473655 0.734175 -0.120354
387 -0.347299 -0.53017 -0.0225678 0.488082 0.470185 0.725634 -0.118983
388 -0.358308 -0.521269 -0.00652312 0.506918 0.463437 0.717187 -0.117912
389 -0.360194 -0.51629 0.00801549 0.52267 0.458621 0.708111 -0.122728
390 -0.36985 -0.506155 0.029905 0.543702 0.452442 0.696394 -0.121326
391 -0.37522 -0.49965 0.0458491 0.556632 0.449686 0.688041 -0.120593
393 -0.383352 -0.491437 0.0626135 0.57873 0.437333 0.677094 -0.123913
394 -0.382628 -0.490488 0.0677637 0.586425 0.432929 0.672542 -0.127927
396 -0.392085 -0.479245 0.0909259 0.61019 0.421301 0.658875 -0.12672
397 -0.397768 -0.474211 0.097181 0.618856 0.415389 0.65491 -0.124746
403 -0.413298 -0.461123 0.115195 0.643273 0.399732 0.641998 -0.119385
404 -0.415047 -0.458904 0.119819 0.647921 0.397628 0.638786 -0.118503
407 -0.390106 -0.46033 0.165374 0.67023 0.405102 0.607855 -0.131136
408 -0.392328 -0.456007 0.172293 0.677121 0.400588 0.603395 -0.130199
410 -0.386883 -0.451023 0.188197 0.697655 0.385251 0.587505 -0.140345
411 -0.391448 -0.446738 0.188951 0.701073 0.379782 0.587349 -0.138865
415 -0.395179 -0.441643 0.185999 0.720683 0.350838 0.577447 -0.155187
418 -0.426032 -0.396626 0.216051 0.758338 0.306402 0.557269 -0.143149
427 -0.415622 -0.301395 0.331117 0.832343 0.256348 0.480401 -0.103472
467 0.00328527 -0.240661 0.540718 0.990473 -0.0336237 0.0282449 -0.130519
468 0.0113836 -0.237023 0.541871 0.990678 -0.0446464 0.0185161 -0.127363
469 0.0180914 -0.231272 0.543191 0.991001 -0.0531268 0.0111615 -0.122353
470 0.0390485 -0.229491 0.543901 0.990998 -0.0580331 -0.00493528 -0.120545
471 0.0480716 -0.224441 0.545673 0.991049 -0.0643694 -0.0134259 -0.116181
472 0.0532002 -0.218144 0.548358 0.991126 -0.0711775 -0.0191593 -0.11062
474 0.0670334 -0.210128 0.552158 0.989957 -0.0908996 -0.0348191 -0.10252
475 0.0711676 -0.201029 0.555965 0.989941 -0.0976896 -0.039312 -0.094494
477 0.0994904 -0.199665 0.553463 0.987372 -0.113858 -0.0635983 -0.0899393
478 0.12894 -0.203131 0.547327 0.984285 -0.125705 -0.0873932 -0.0879941
479 0.157306 -0.206299 0.541023 0.980808 -0.135404 -0.110641 -0.0862584
480 0.173518 -0.212582 0.531946 0.976079 -0.152332 -0.12893 -0.0862679
481 0.186337 -0.214006 0.525421 0.972679 -0.162527 -0.143287 -0.0833635
482 0.200697 -0.220489 0.516889 0.967557 -0.176689 -0.160488 -0.0828153
483 0.217001 -0.230869 0.504196 0.961413 -0.189652 -0.180392 -0.0847131
484 0.231803 -0.229696 0.498713 0.957798 -0.196299 -0.194275 -0.0796717
485 0.248678 -0.235788 0.488547 0.952282 -0.205034 -0.211774 -0.0791892
491 0.327833 -0.258067 0.430941 0.923536 -0.237047 -0.293242 -0.0699891
496 0.37494 -0.286052 0.377028 0.896013 -0.263862 -0.350593 -0.0679915
498 0.402411 -0.294503 0.345451 0.88029 -0.270867 -0.384359 -0.0631595
502 0.403736 -0.316912 0.323173 0.855476 -0.306643 -0.412699 -0.0617217
503 0.409611 -0.316354 0.316709 0.848559 -0.313242 -0.422834 -0.0551307
505 0.418577 -0.322497 0.302024 0.835624 -0.324806 -0.440247 -0.049146
506 0.424117 -0.326585 0.292453 0.827693 -0.331275 -0.45065 -0.0457796
508 0.434741 -0.326202 0.281675 0.815838 -0.341311 -0.465499 -0.0350095
509 0.437355 -0.331111 0.274541 0.8084 -0.348244 -0.473422 -0.032967
511 0.448314 -0.338039 0.254787 0.788326 -0.36332 -0.496058 -0.0216134
512 0.456037 -0.342536 0.242281 0.779094 -0.367146 -0.507802 -0.0187997
514 0.46334 -0.348312 0.225958 0.763812 -0.376976 -0.523788 -0.0112111
515 0.472992 -0.357791 0.199018 0.747817 -0.380448 -0.544027 -0.00797998
516 0.467853 -0.370474 0.187217 0.737652 -0.389343 -0.551498 -0.0115175
517 0.473483 -0.376353 0.162994 0.722435 -0.391953 -0.569582 -0.00598146
518 0.466363 -0.392704 0.145847 0.705443 -0.404385 -0.582004 -0.00968941
519 0.469148 -0.396921 0.129036 0.693239 -0.407988 -0.594081 -0.00580981
520 0.472286 -0.404137 0.107031 0.68 -0.409004 -0.608516 -0.00489308
521 0.472436 -0.411013 0.0889073 0.66956 -0.409564 -0.619607 -0.00577181
522 0.474181 -0.414737 0.071817 0.659424 -0.409511 -0.63043 -0.00437742
523 0.471121 -0.419444 0.0649632 0.653439 -0.412257 -0.634849 -0.00540736
529 0.496866 -0.400275 0.053989 -0.635949 0.415659 0.649774 -0.0243056
530 0.49391 -0.408784 0.0470345 -0.624889 0.422773 0.655934 -0.0229533
533 0.473819 -0.431243 0.045553 -0.600728 0.447962 0.661954 -0.0165145
540 0.471857 -0.448554 -0.00180968 -0.582176 0.434043 0.687491 -0.00583494
541 0.468922 -0.448103 -0.00836468 -0.584305 0.428347 0.689279 -0.000255876
542 0.476743 -0.437796 -0.0197062 -0.582719 0.420533 0.69536 -0.00806103
544 0.500349 -0.413105 -0.0696063 -0.574127 0.390907 0.718906 -0.0272744
545 0.497254 -0.413732 -0.0930694 -0.56544 0.383924 0.729531 -0.0257816
546 0.516734 -0.389661 -0.0929703 -0.575549 0.370456 0.727859 -0.0415545
549 0.537189 -0.361888 -0.133434 -0.570483 0.34166 0.744598 -0.0582381
550 0.556543 -0.335712 -0.14266 -0.573989 0.325901 0.747315 -0.0764546
552 0.58261 -0.298764 -0.139234 -0.58546 0.309953 0.742153 -0.101851
553 0.594575 -0.278438 -0.134903 -0.592942 0.301123 0.737954 -0.114757
554 0.608698 -0.249912 -0.125272 -0.603295 0.291717 0.730118 -0.133657
555 0.619383 -0.228119 -0.113519 -0.613265 0.286286 0.721362 -0.146915
557 0.626938 -0.203127 -0.115003 -0.611436 0.283112 0.718756 -0.171414
558 0.627348 -0.195577 -0.113183 -0.612411 0.282399 0.71661 -0.177971
559 0.631881 -0.180184 -0.112707 -0.613699 0.278805 0.713712 -0.190411
561 0.642878 -0.143428 -0.115896 -0.618832 0.262255 0.709362 -0.212311
562 0.646854 -0.125235 -0.111723 -0.623639 0.255959 0.704267 -0.222638
564 0.650919 -0.105989 -0.107709 -0.626299 0.253113 0.698319 -0.236715
568 0.656606 -0.0768474 -0.132911 -0.618205 0.23702 0.703522 -0.258266
572 0.65248 -0.0868519 -0.17905 -0.596124 0.227466 0.726244 -0.255861
574 0.645914 -0.099096 -0.192189 -0.588466 0.229099 0.733912 -0.250191
576 0.632429 -0.124012 -0.209711 -0.573047 0.239458 0.745233 -0.242704
577 0.61459 -0.14249 -0.250402 -0.547009 0.237702 0.76714 -0.236168
578 0.606531 -0.151278 -0.271503 -0.534191 0.236255 0.777675 -0.232474
579 0.592046 -0.165913 -0.295751 -0.516881 0.237439 0.790788 -0.226075
580 0.580897 -0.166337 -0.323027 -0.500941 0.229972 0.802832 -0.227225
582 0.563748 -0.179164 -0.348768 -0.480026 0.230915 0.815608 -0.225913
584 0.555669 -0.18428 -0.36277 -0.465626 0.233296 0.821774 -0.231198
587 0.53911 -0.195458 -0.374677 -0.442886 0.242667 0.829709 -0.237799
588 0.53049 -0.200761 -0.381355 -0.43232 0.246258 0.833781 -0.239302
590 0.512125 -0.209265 -0.393881 -0.408529 0.253156 0.841932 -0.245287
592 0.498863 -0.209366 -0.406022 -0.396396 0.250942 0.848383 -0.245245
594 0.480292 -0.212994 -0.424694 -0.376983 0.248771 0.857986 -0.244658
595 0.471146 -0.214102 -0.434931 -0.367624 0.246334 0.862911 -0.244045
596 0.463232 -0.218296 -0.442678 -0.359751 0.246209 0.866888 -0.241796
597 0.450441 -0.2209 -0.459741 -0.346202 0.24208 0.873816 -0.240804
598 0.436675 -0.222083 -0.475052 -0.333551 0.237228 0.880418 -0.239437
599 0.427296 -0.219853 -0.487682 -0.323438 0.231837 0.885261 -0.240734
600 0.418021 -0.219527 -0.497652 -0.314414 0.228192 0.889394 -0.240937
602 0.392145 -0.216673 -0.523266 -0.294388 0.21617 0.900311 -0.236743
603 0.380165 -0.217444 -0.532882 -0.284991 0.212569 0.904724 -0.234667
606 0.344572 -0.226822 -0.558723 -0.252176 0.208294 0.916114 -0.231852
607 0.331015 -0.231794 -0.565283 -0.238901 0.208538 0.919494 -0.232315
609 0.301522 -0.246067 -0.575204 -0.213462 0.211508 0.926144 -0.227935
610 0.281037 -0.251757 -0.583382 -0.196382 0.210041 0.930719 -0.226008
611 0.249747 -0.265741 -0.588593 -0.170093 0.214226 0.935808 -0.222349
612 0.232998 -0.268731 -0.593464 -0.157156 0.212591 0.938807 -0.22079
613 0.207424 -0.271981 -0.603395 -0.13558 0.208839 0.943282 -0.219596
614 0.187722 -0.272028 -0.611272 -0.118369 0.204221 0.946582 -0.219695
615 0.157783 -0.271598 -0.623321 -0.0928632 0.19642 0.951172 -0.219244
616 0.131394 -0.270613 -0.63196 -0.0706729 0.189742 0.95453 -0.218804
618 0.106931 -0.272295 -0.637632 -0.0529748 0.186622 0.957759 -0.212281
620 0.0731947 -0.274935 -0.643052 -0.0278135 0.183089 0.960892 -0.205891
621 0.0527551 -0.281474 -0.643094 -0.0112536 0.185241 0.961447 -0.202926
628 0.030512 -0.294476 -0.633821 0.0109614 0.195052 0.959638 -0.20231
633 0.0243219 -0.308111 -0.628698 0.0152137 0.207678 0.959374 -0.190366
635 0.0208547 -0.306957 -0.632773 0.0220437 0.206777 0.958858 -0.193259
652 -0.00554227 -0.31645 -0.615272 0.048519 0.209157 0.957126 -0.194447
653 -0.021576 -0.315947 -0.617504 0.0665727 0.205602 0.954471 -0.205625
656 -0.0577518 -0.319813 -0.61578 0.0891539 0.203716 0.954903 -0.19675
658 -0.0925171 -0.315683 -0.617065 0.109581 0.195986 0.957053 -0.183388
659 -0.113762 -0.317537 -0.614617 0.125755 0.19317 0.955834 -0.182353
661 -0.160343 -0.325891 -0.59606 0.157659 0.198666 0.953173 -0.164733
662 -0.177571 -0.318052 -0.595598 0.168176 0.191509 0.95385 -0.15878
665 -0.210396 -0.299542 -0.59861 0.188731 0.174037 0.954584 -0.151198
666 -0.227204 -0.307859 -0.586524 0.203879 0.180516 0.950814 -0.147647
668 -0.255055 -0.292089 -0.583479 0.222241 0.166269 0.950421 -0.140226
669 -0.290592 -0.292272 -0.566208 0.249688 0.166255 0.944827 -0.131597
670 -0.310198 -0.289722 -0.553655 0.265918 0.164527 0.941298 -0.127184
672 -0.355831 -0.267818 -0.533846 0.300406 0.146499 0.93524 -0.116708
673 -0.397766 -0.259037 -0.502827 0.337095 0.141459 0.924764 -0.105677
674 -0.428319 -0.249227 -0.478972 0.363911 0.135241 0.916344 -0.0979391
675 -0.460337 -0.234755 -0.452086 0.393402 0.124278 0.906356 -0.0911466
676 -0.486137 -0.221356 -0.427041 0.419993 0.11333 0.896247 -0.0866253
677 -0.507705 -0.210762 -0.402061 0.444448 0.104857 0.885814 -0.0824865
678 -0.527277 -0.202156 -0.375009 0.468065 0.0981676 0.874656 -0.0790873
679 -0.539847 -0.195538 -0.356233 0.482878 0.0946075 0.867319 -0.0750718
681 -0.557761 -0.190488 -0.32096 0.508575 0.093374 0.85301 -0.0707535
682 -0.564621 -0.183594 -0.309966 0.517484 0.0889284 0.848392 -0.0673255
683 -0.567621 -0.181273 -0.303524 0.522271 0.0876393 0.845692 -0.0660081
686 -0.580103 -0.175413 -0.277015 0.540781 0.0860719 0.834597 -0.0599639
687 -0.586122 -0.171575 -0.262279 0.551688 0.0831436 0.827798 -0.0589651
688 -0.590546 -0.167752 -0.253366 0.558601 0.0804458 0.823531 -0.0573502
690 -0.600223 -0.15965 -0.228347 0.576492 0.0751433 0.811867 -0.0536991
691 -0.605569 -0.15441 -0.213781 0.586152 0.0725701 0.805374 -0.0503175
692 -0.612075 -0.147005 -0.196419 0.597837 0.0683831 0.797387 -0.045709
693 -0.614609 -0.144176 -0.183152 0.60595 0.0664424 0.791454 -0.0448412
694 -0.617497 -0.139505 -0.166945 0.61578 0.0641173 0.784172 -0.0421699
695 -0.621958 -0.131563 -0.144471 0.630072 0.0594834 0.773335 -0.0377296
696 -0.625068 -0.125526 -0.126301 0.641341 0.0563396 0.764443 -0.0336825
697 -0.628728 -0.11801 -0.114761 0.648052 0.0534666 0.759188 -0.0283451
699 -0.63353 -0.10522 -0.0992947 0.658098 0.0476169 0.751156 -0.0201052
701 -0.641774 -0.0782376 -0.0970855 0.662363 0.0315756 0.748487 -0.00674114
703 -0.647108 -0.0645535 -0.0937986 0.666704 0.0199983 0.745043 -0.00403099
706 -0.649061 -0.0476251 -0.100531 0.665986 0.00349521 0.745948 -0.00346858
708 -0.644595 -0.0416816 -0.0599588 0.689078 0.00459849 0.724666 0.00317186
709 -0.642498 -0.0425045 -0.0520822 0.694193 0.00308268 0.719782 0.00054272
714 -0.638225 -0.0162235 -0.0221721 0.710594 -0.00322697 0.703234 0.0225182
715 -0.638832 -0.00308005 -0.019266 0.710837 -0.00434005 0.702459 0.0352616
721 -0.643658 0.039372 -0.0141318 0.712272 -0.0217612 0.69878 0.0624632
723 -0.640545 0.0576768 0.0064167 0.72377 -0.0297904 0.685475 0.0734417
725 -0.636314 0.0702918 0.0350608 0.738077 -0.0332226 0.668793 0.0827928
726 -0.633486 0.0743463 0.0465306 0.743889 -0.0354699 0.661894 0.0852442
727 -0.629654 0.0785805 0.0594206 0.75026 -0.0374242 0.654186 0.0880342
730 -0.61943 0.0916966 0.0981757 0.769184 -0.045375 0.630328 0.0947808
731 -0.615142 0.0938024 0.109861 0.77465 -0.0444912 0.623259 0.0973967
733 -0.603504 0.0955268 0.147406 0.792081 -0.044625 0.601008 0.0969828
734 -0.589907 0.110287 0.177915 0.805719 -0.0501355 0.580475 0.106549
735 -0.576447 0.124819 0.206006 0.818201 -0.0606316 0.560531 0.112591
736 -0.565672 0.133889 0.226803 0.827461 -0.0679762 0.545183 0.116035
737 -0.552569 0.145233 0.248982 0.837241 -0.0772314 0.527618 0.121172
739 -0.527083 0.159056 0.282908 0.852735 -0.0919399 0.498201 0.127226
740 -0.521693 0.161398 0.289573 0.855644 -0.0942115 0.49238 0.128681
743 -0.498164 0.17003 0.319517 0.868314 -0.101819 0.466737 0.133492
744 -0.488157 0.171498 0.330954 0.87317 -0.106028 0.456555 0.133752
746 -0.463646 0.181053 0.356647 0.883676 -0.116111 0.431561 0.139249
747 -0.451804 0.18697 0.367647 0.887802 -0.122763 0.420036 0.142503
749 -0.424034 0.19398 0.391514 0.897465 -0.129045 0.394942 0.148071
751 -0.400605 0.202198 0.41057 0.904079 -0.137864 0.374299 0.153413
752 -0.385351 0.205587 0.422132 0.908391 -0.141766 0.361013 0.156202
754 -0.354669 0.20906 0.443341 0.916682 -0.149388 0.334337 0.159988
755 -0.340561 0.213006 0.452229 0.919494 -0.154058 0.322857 0.162973
757 -0.306499 0.216467 0.470505 0.925598 -0.168514 0.294865 0.167109
758 -0.298049 0.217243 0.475215 0.927245 -0.169113 0.288386 0.168671
759 -0.27758 0.218361 0.485627 0.930702 -0.176278 0.271398 0.170478
760 -0.25863 0.219154 0.493863 0.933132 -0.184826 0.255706 0.172392
761 -0.245011 0.217555 0.499621 0.935423 -0.187275 0.245005 0.172874
762 -0.222879 0.218887 0.507206 0.93767 -0.194599 0.22766 0.176286
763 -0.19126 0.222347 0.517315 0.940422 -0.202539 0.203125 0.182548
764 -0.17104 0.225921 0.523539 0.94165 -0.207249 0.187924 0.187158
767 -0.149257 0.225773 0.528908 0.943191 -0.212509 0.170375 0.190269
768 -0.135215 0.225044 0.532733 0.943898 -0.216852 0.158965 0.191733
769 -0.120678 0.225819 0.536261 0.944804 -0.218207 0.147823 0.194624
770 -0.0989861 0.231021 0.540483 0.944036 -0.22557 0.131682 0.201431
771 -0.0750406 0.245462 0.542123 0.939848 -0.239255 0.115022 0.214973
772 -0.058698 0.252947 0.543505 0.938094 -0.244726 0.103093 0.222399
773 -0.0512301 0.265735 0.540304 0.935338 -0.24752 0.0989197 0.232575
774 -0.0422483 0.296726 0.532057 0.929542 -0.245778 0.0975254 0.256971
775 -0.029878 0.304079 0.531519 0.929997 -0.239044 0.0893381 0.264542
776 -0.0210471 0.304191 0.531807 0.931574 -0.232482 0.0824528 0.267066
780 0.00114433 0.318938 0.523125 0.931093 -0.221137 0.0668864 0.282293
781 0.0130295 0.319003 0.520453 0.933001 -0.211234 0.0570908 0.285709
782 0.0200918 0.316418 0.519826 0.934955 -0.205003 0.050598 0.285083
784 0.0377479 0.329248 0.513756 0.933747 -0.1961 0.0378945 0.297027
787 0.0500336 0.30919 0.516014 0.938331 -0.195135 0.0254636 0.28427
788 0.0592722 0.302707 0.514434 0.940363 -0.189723 0.0170067 0.281839
789 0.0700729 0.292379 0.514638 0.942602 -0.187432 0.0069254 0.276264
791 0.0968375 0.283516 0.512493 0.943233 -0.187021 -0.0149801 0.274063
792 0.115179 0.276802 0.511623 0.943246 -0.188116 -0.0294614 0.272089
794 0.151912 0.273883 0.505261 0.94146 -0.185584 -0.0562917 0.275759
795 0.168503 0.272044 0.502535 0.940304 -0.185825 -0.0683901 0.276802
797 0.202462 0.270074 0.493975 0.936196 -0.188121 -0.0941769 0.281566
798 0.223185 0.266654 0.488747 0.934303 -0.187752 -0.11016 0.282297
800 0.255374 0.266111 0.477034 0.929078 -0.189331 -0.13389 0.288169
802 0.283061 0.260267 0.467232 0.924227 -0.193529 -0.155532 0.290104
803 0.299028 0.256558 0.460643 0.921707 -0.194083 -0.168066 0.29076
805 0.360937 0.2417 0.428938 0.906138 -0.206989 -0.21835 0.297308
807 0.403652 0.225309 0.402964 0.893152 -0.21821 -0.255073 0.299336
809 0.440092 0.212823 0.377228 0.87917 -0.228507 -0.287093 0.304012
810 0.449559 0.207504 0.370394 0.874403 -0.23429 -0.295954 0.304857
813 0.474535 0.1901 0.344524 0.85966 -0.248066 -0.324128 0.307229
814 0.479741 0.184894 0.338852 0.855515 -0.253173 -0.330872 0.307445
817 0.51038 0.168323 0.307181 0.834495 -0.268391 -0.364828 0.313824
820 0.545765 0.141771 0.263531 0.805558 -0.286232 -0.407622 0.320924
822 0.569406 0.121139 0.228678 0.785922 -0.292722 -0.438383 0.323205
823 0.579977 0.114824 0.210683 0.775544 -0.294937 -0.452221 0.327169
825 0.595618 0.0988295 0.183127 0.759097 -0.300383 -0.474473 0.329268
826 0.597102 0.0952064 0.178646 0.755485 -0.303388 -0.477788 0.330026
827 0.608091 0.0778208 0.154578 0.738282 -0.31207 -0.497413 0.331862
828 0.615088 0.0664601 0.136625 0.726755 -0.31544 -0.511447 0.332786
829 0.620458 0.0496026 0.113232 0.708992 -0.323445 -0.529465 0.335233
830 0.627018 0.0351237 0.0896399 0.692157 -0.328361 -0.546845 0.337726
831 0.631542 0.0198835 0.0689874 0.6772 -0.333291 -0.562211 0.337987
832 0.634315 0.00644219 0.0483678 0.664201 -0.335204 -0.576572 0.337697
834 0.639409 -0.0183641 0.00709594 0.635379 -0.34002 -0.604384 0.339706
839 0.642729 -0.0287741 -0.0500067 -0.605498 0.325203 0.639739 -0.344019
842 0.635776 -0.0553118 -0.0901093 -0.572416 0.333079 0.665055 -0.345109
845 0.640119 -0.0322263 -0.135179 -0.559818 0.3023 0.68281 -0.35915
846 0.63776 -0.0418706 -0.154374 -0.541709 0.307619 0.691931 -0.364903
849 0.63253 -0.0582612 -0.187692 -0.518755 0.305936 0.710044 -0.364875
850 0.63563 -0.0521593 -0.197423 -0.516882 0.298527 0.713409 -0.367099
851 0.634973 -0.050391 -0.206837 -0.513029 0.293928 0.717559 -0.368127
853 0.625429 -0.0643787 -0.226892 -0.496524 0.294182 0.730076 -0.365937
855 0.617954 -0.0803839 -0.246344 -0.48428 0.29153 0.744237 -0.3558
859 0.584896 -0.121598 -0.294868 -0.44456 0.290364 0.77682 -0.338535
861 0.559501 -0.144237 -0.333258 -0.411848 0.287479 0.79793 -0.333233
862 0.549791 -0.150189 -0.350659 -0.398802 0.283796 0.806083 -0.332636
864 0.531169 -0.167049 -0.374895 -0.380243 0.28131 0.819276 -0.324139
866 0.509357 -0.184442 -0.396921 -0.36218 0.27942 0.832218 -0.313312
867 0.501584 -0.188103 -0.40665 -0.35665 0.276699 0.836823 -0.309784
868 0.487065 -0.193647 -0.423994 -0.342792 0.272341 0.845023 -0.307018
869 0.464271 -0.203423 -0.446963 -0.320037 0.26817 0.856136 -0.304453
870 0.443874 -0.215626 -0.46406 -0.301143 0.267392 0.864889 -0.299635
871 0.422943 -0.224133 -0.481852 -0.281905 0.263927 0.873408 -0.2967
872 0.406948 -0.230992 -0.493668 -0.267212 0.262598 0.878718 -0.295795
874 0.37729 -0.246744 -0.50858 -0.237503 0.265278 0.886534 -0.295427
875 0.363624 -0.252514 -0.514695 -0.224902 0.265522 0.890075 -0.29442
876 0.348508 -0.257381 -0.522241 -0.212483 0.264342 0.894279 -0.291959
878 0.333623 -0.262051 -0.530631 -0.200114 0.262372 0.898514 -0.289461
880 0.311488 -0.270901 -0.540284 -0.181294 0.261817 0.903697 -0.286211
881 0.295902 -0.274804 -0.548011 -0.167712 0.259513 0.907299 -0.285192
882 0.277987 -0.282077 -0.553214 -0.152496 0.259885 0.910565 -0.282978
883 0.253889 -0.290208 -0.559441 -0.131341 0.259396 0.914337 -0.281872
884 0.226654 -0.299387 -0.56547 -0.106758 0.259043 0.917771 -0.281418
885 0.219588 -0.304706 -0.565458 -0.100793 0.261363 0.918085 -0.280447
887 0.186634 -0.316759 -0.569268 -0.0736224 0.262158 0.921689 -0.276301
888 0.164542 -0.323016 -0.572543 -0.0558191 0.261046 0.924248 -0.272956
890 0.114112 -0.328678 -0.580809 -0.0178686 0.25246 0.930042 -0.266396
891 0.0988984 -0.337948 -0.57797 -0.0049907 0.256551 0.929632 -0.264465
892 0.0714527 -0.342233 -0.577687 0.0163422 0.253698 0.931224 -0.261137
893 0.0491028 -0.347197 -0.575348 0.035017 0.25307 0.931538 -0.25878
894 0.0300083 -0.356715 -0.570332 0.0532006 0.25703 0.929932 -0.257549
895 0.0129069 -0.356418 -0.571791 0.0656686 0.252923 0.930999 -0.254871
896 -0.0063227 -0.359752 -0.568866 0.0801721 0.252348 0.931063 -0.251028
897 -0.0268444 -0.360998 -0.566579 0.0939704 0.250267 0.931928 -0.245042
898 -0.0439842 -0.361149 -0.564894 0.105634 0.247737 0.932455 -0.240823
899 -0.0634387 -0.361232 -0.563342 0.119034 0.244533 0.932922 -0.23599
900 -0.0786115 -0.361501 -0.561159 0.129427 0.242588 0.932967 -0.232321
901 -0.0906915 -0.361046 -0.558443 0.138531 0.240687 0.932765 -0.229844
904 -0.123306 -0.356576 -0.556604 0.162616 0.231301 0.932824 -0.223374
905 -0.125752 -0.347255 -0.563963 0.162045 0.222667 0.93532 -0.222118
906 -0.127504 -0.333236 -0.579454 0.163226 0.206705 0.937081 -0.229147
909 -0.162127 -0.324831 -0.576535 0.188281 0.196126 0.936752 -0.220411
910 -0.184751 -0.311757 -0.578905 0.194749 0.186891 0.94234 -0.197839
913 -0.196086 -0.283748 -0.597633 0.195046 0.161812 0.948032 -0.192378
915 -0.206627 -0.273516 -0.603027 0.201237 0.153265 0.94907 -0.187828
917 -0.220418 -0.266451 -0.602113 0.211547 0.144934 0.948231 -0.187348
918 -0.231024 -0.265484 -0.595897 0.218158 0.14414 0.948223 -0.18029
920 -0.257973 -0.272232 -0.579137 0.239444 0.14872 0.94415 -0.170674
921 -0.271167 -0.274809 -0.568308 0.252148 0.150532 0.940909 -0.168678
922 -0.291428 -0.265609 -0.560805 0.267484 0.142218 0.939029 -0.162637
923 -0.297129 -0.257115 -0.56156 0.268437 0.136017 0.940559 -0.157448
924 -0.324544 -0.260126 -0.543655 0.290183 0.139119 0.935146 -0.148129
929 -0.381826 -0.233748 -0.516318 0.328214 0.119927 0.928644 -0.124552
931 -0.413668 -0.223152 -0.495704 0.3541 0.111936 0.921396 -0.114513
932 -0.420922 -0.219815 -0.491148 0.359662 0.109819 0.919752 -0.112425
933 -0.431167 -0.213079 -0.481002 0.37097 0.104768 0.916075 -0.110509
935 -0.454641 -0.205304 -0.453119 0.40103 0.0973637 0.904053 -0.111279
936 -0.465138 -0.199499 -0.440167 0.414538 0.092484 0.898641 -0.109773
945 -0.558216 -0.167147 -0.298936 0.53159 0.0686836 0.839423 -0.0897941
946 -0.562902 -0.164007 -0.288013 0.54286 0.0623557 0.832308 -0.0931593
949 -0.581156 -0.146645 -0.264208 0.564921 0.0501528 0.819163 -0.0855622
950 -0.58622 -0.137927 -0.259343 0.569903 0.0449204 0.816442 -0.0813326
951 -0.592943 -0.12858 -0.240987 0.58265 0.0409161 0.808269 -0.0744796
952 -0.598152 -0.118751 -0.230098 0.590807 0.0353969 0.803076 -0.0690149
953 -0.604692 -0.112328 -0.215487 0.600505 0.0328317 0.79638 -0.0639932
955 -0.612297 -0.112238 -0.186889 0.61765 0.0348139 0.78332 -0.0608709
958 -0.619411 -0.112089 -0.143786 0.644389 0.0353903 0.76159 -0.059087
959 -0.621505 -0.112143 -0.129304 0.654338 0.0340965 0.75304 -0.0600909
961 -0.625908 -0.0957302 -0.122382 0.660006 0.0227249 0.749027 -0.0532352
962 -0.626575 -0.0954326 -0.105274 0.670916 0.0211846 0.739297 -0.0535016
964 -0.63092 -0.0809123 -0.0971309 0.676533 0.0105783 0.734859 -0.0466115
965 -0.630002 -0.0790601 -0.0783028 0.687421 0.00905667 0.724787 -0.0453134
966 -0.630112 -0.0718931 -0.0632115 0.695381 0.00642465 0.717538 -0.0392796
967 -0.631408 -0.0620444 -0.0498811 0.702145 0.00251218 0.711313 -0.0319251
969 -0.628599 -0.0561698 -0.0150632 0.720488 0.0011601 0.692992 -0.0256255
970 -0.62488 -0.0461825 0.0183353 0.738836 -0.00636704 0.673528 -0.0209801
971 -0.622821 -0.0403128 0.033306 0.745647 -0.00631275 0.666126 -0.0157367
972 -0.612961 -0.0247605 0.0785736 0.770091 -0.0216978 0.637487 -0.00999221
975 -0.602478 -0.0176187 0.114922 0.78865 -0.0329459 0.61389 -0.0091858
978 -0.583698 0.0101456 0.171558 0.817496 -0.055636 0.573215 0.0053118
982 -0.580097 0.0495383 0.196081 0.825861 -0.0754847 0.558076 0.0284129
986 -0.571388 0.102984 0.227986 0.83509 -0.0968127 0.537819 0.063265
987 -0.565253 0.111193 0.239174 0.839574 -0.101531 0.529264 0.0684646
989 -0.551657 0.127124 0.264481 0.849372 -0.113656 0.509619 0.0770618
990 -0.540688 0.133748 0.281401 0.856094 -0.119453 0.496282 0.0808636
991 -0.529674 0.138985 0.298171 0.862775 -0.125365 0.482577 0.0838033
992 -0.51555 0.145468 0.316801 0.869949 -0.132298 0.466874 0.0878325
993 -0.500633 0.150861 0.333989 0.876824 -0.139359 0.451015 0.0913459
994 -0.487395 0.156398 0.347889 0.882215 -0.147531 0.437043 0.0944752
995 -0.472739 0.157426 0.363114 0.888745 -0.15166 0.42187 0.0956955
996 -0.457081 0.161008 0.377695 0.894371 -0.159553 0.406315 0.0977278
998 -0.432107 0.166956 0.400148 0.902539 -0.169854 0.382164 0.102581
999 -0.41795 0.173238 0.411989 0.906124 -0.177036 0.36884 0.107489
1001 -0.384691 0.184584 0.436698 0.914535 -0.185272 0.339521 0.118425
1002 -0.371334 0.197739 0.444847 0.915806 -0.19236 0.328548 0.127881
1004 -0.354317 0.22008 0.454135 0.916303 -0.200667 0.315201 0.144116
1005 -0.341634 0.223763 0.461399 0.918174 -0.205881 0.304857 0.147077
1006 -0.33377 0.233958 0.463453 0.917976 -0.208699 0.29944 0.155244
1008 -0.31753 0.257342 0.469383 0.916101 -0.220921 0.287626 0.170951
1011 -0.299105 0.24746 0.478525 0.921395 -0.225814 0.269648 0.165312
1012 -0.282429 0.24676 0.486701 0.924081 -0.230913 0.255279 0.166092
1013 -0.268256 0.248805 0.494584 0.926287 -0.234507 0.242324 0.168159
1015 -0.248143 0.243984 0.501858 0.929427 -0.240093 0.224981 0.167044
1024 -0.0994129 0.252222 0.536992 0.946576 -0.220068 0.122498 0.201391
1029 -0.0264762 0.253546 0.541619 0.945736 -0.233793 0.0715469 0.214023
1030 -0.0111109 0.250917 0.542037 0.945054 -0.238938 0.0589586 0.215185
1032 0.0149881 0.254065 0.540608 0.942332 -0.246262 0.0404713 0.222996
1033 0.0384188 0.250389 0.541577 0.940857 -0.252335 0.0227311 0.224942
1035 0.0714208 0.247958 0.540591 0.937138 -0.262233 -0.00202764 0.230223
1036 0.0909746 0.244419 0.539299 0.934614 -0.26898 -0.01726 0.232052
1038 0.133498 0.231864 0.53464 0.927483 -0.286739 -0.0522969 0.234138
1040 0.180588 0.221616 0.525174 0.919022 -0.299998 -0.0884119 0.239964
1042 0.234995 0.206734 0.510375 0.907245 -0.314283 -0.131894 0.246447
1044 0.291319 0.187085 0.489881 0.89129 -0.332018 -0.177945 0.252392
1047 0.344193 0.164672 0.46426 0.875355 -0.343492 -0.222738 0.257206
1051 0.370111 0.145109 0.449946 0.863137 -0.356995 -0.248208 0.256791
1052 0.39123 0.139149 0.434826 0.85529 -0.358145 -0.267385 0.26214
1054 0.402283 0.133878 0.426623 0.847191 -0.366944 -0.277389 0.265848
1055 0.4118 0.131124 0.420115 0.842944 -0.368383 -0.285627 0.26862
1056 0.424871 0.128708 0.409143 0.836942 -0.368822 -0.297992 0.273313
1058 0.442731 0.133061 0.394938 0.827119 -0.372274 -0.309686 0.285274
1059 0.460944 0.13343 0.380754 0.827081 -0.356608 -0.325272 0.28804
1060 0.473558 0.128919 0.369101 0.822878 -0.353712 -0.338154 0.288812
1061 0.477893 0.133891 0.361703 0.819469 -0.353613 -0.342136 0.293889
1065 0.499343 0.135084 0.338838 0.812217 -0.343997 -0.36139 0.30227
1066 0.503768 0.138341 0.333103 0.809022 -0.343915 -0.364786 0.306817
1068 0.513848 0.133774 0.325438 0.803255 -0.346322 -0.372936 0.309453
1069 0.521352 0.127594 0.315292 0.800832 -0.342423 -0.382246 0.308713
1071 0.546352 0.103137 0.278878 0.781593 -0.346115 -0.415352 0.311128
1073 0.571398 0.0869784 0.241537 0.763321 -0.34388 -0.446417 0.31591
1074 0.5711 0.0821461 0.237746 0.76252 -0.34388 -0.449427 0.313568
1075 0.579112 0.0745668 0.223793 0.753121 -0.346373 -0.461376 0.316176
1077 0.586398 0.0575868 0.206455 0.740743 -0.353403 -0.476459 0.315266
1078 0.594453 0.0492728 0.189111 0.730368 -0.355175 -0.488974 0.318305
1080 0.606194 0.014977 0.145822 0.703208 -0.363335 -0.522244 0.317408
1082 0.615606 -0.00931951 0.114335 0.6801 -0.370204 -0.546782 0.3185
1084 0.624365 -0.0271996 0.0780171 0.663063 -0.365758 -0.570373 0.318187
1085 0.62877 -0.0424683 0.0450214 0.646861 -0.361157 -0.591751 0.317754
1087 0.630239 -0.0679002 0.0127262 0.622941 -0.367886 -0.612898 0.317743
1097 0.633247 -0.0992349 -0.132827 -0.53772 0.344614 0.687893 -0.344821
1098 0.628662 -0.109622 -0.151501 -0.523053 0.345075 0.698341 -0.345917
1101 0.617359 -0.133866 -0.191064 -0.491082 0.345706 0.721044 -0.345575
1102 0.61074 -0.140578 -0.207255 -0.480006 0.343793 0.728785 -0.346804
1103 0.597892 -0.158905 -0.232196 -0.45876 0.344381 0.742999 -0.344808
1104 0.586904 -0.170171 -0.252985 -0.43954 0.343734 0.753812 -0.347016
1106 0.577746 -0.181862 -0.277645 -0.421385 0.340347 0.765548 -0.34718
1108 0.570912 -0.176309 -0.305306 -0.404493 0.330624 0.773599 -0.358633
1110 0.559935 -0.177767 -0.328179 -0.387711 0.324221 0.782892 -0.362824
1112 0.549828 -0.172515 -0.360798 -0.368634 0.310748 0.793388 -0.371592
1116 0.535203 -0.187152 -0.368176 -0.355607 0.314618 0.802325 -0.361709
1120 0.524087 -0.194921 -0.384054 -0.341753 0.311226 0.810299 -0.360221
1121 0.515918 -0.197257 -0.400882 -0.32881 0.306056 0.816574 -0.36252
1122 0.515306 -0.194955 -0.406581 -0.3247 0.303592 0.817291 -0.366656
1124 0.499486 -0.198795 -0.426592 -0.308587 0.296147 0.827039 -0.364798
1125 0.483641 -0.208797 -0.438395 -0.291647 0.295608 0.833798 -0.363784
1126 0.473559 -0.213035 -0.447755 -0.282161 0.292976 0.838456 -0.362687
1127 0.466896 -0.217596 -0.450087 -0.279582 0.292097 0.84186 -0.357471
1128 0.457026 -0.224237 -0.453409 -0.273364 0.292022 0.845774 -0.353076
1129 0.445891 -0.233683 -0.458016 -0.267141 0.293308 0.849988 -0.346592
1130 0.426057 -0.241528 -0.47195 -0.254823 0.288739 0.857582 -0.340952
1131 0.412948 -0.24888 -0.480697 -0.244056 0.287239 0.862239 -0.338339
1132 0.396155 -0.255011 -0.492017 -0.228616 0.283897 0.868346 -0.336323
1133 0.374625 -0.266203 -0.50198 -0.204851 0.285577 0.872479 -0.339502
1134 0.347998 -0.274239 -0.515936 -0.181064 0.281904 0.879491 -0.337997
1135 0.314705 -0.291903 -0.526003 -0.151897 0.283523 0.886305 -0.333175
1136 0.273415 -0.312264 -0.537291 -0.117917 0.284477 0.893886 -0.325787
1137 0.241778 -0.32297 -0.547139 -0.0931149 0.281571 0.898993 -0.32227
1138 0.225595 -0.33272 -0.5463 -0.0796942 0.284815 0.899709 -0.321018
1139 0.203898 -0.341056 -0.551943 -0.0612485 0.283158 0.902344 -0.319133
1140 0.175658 -0.345577 -0.561857 -0.0386105 0.275673 0.906443 -0.317606
1141 0.146321 -0.35278 -0.567819 -0.0179547 0.271698 0.910665 -0.310721
1142 0.123067 -0.35646 -0.574588 -0.00203121 0.26646 0.913295 -0.308038
1143 0.103043 -0.358868 -0.578738 0.0093581 0.261605 0.916177 -0.303472
1144 0.0712494 -0.364272 -0.581387 0.0315497 0.256853 0.918731 -0.298268
1145 0.0384872 -0.367346 -0.583607 0.0548251 0.250706 0.920961 -0.293208
1146 0.0163254 -0.3703 -0.585612 0.070727 0.247201 0.921465 -0.29119
1148 -0.0130806 -0.369424 -0.595545 0.0901218 0.237552 0.923027 -0.28891
1150 -0.0470636 -0.37162 -0.596646 0.115663 0.231046 0.922523 -0.286692
1152 -0.0756769 -0.372906 -0.593465 0.138598 0.226009 0.92074 -0.286267
1154 -0.105697 -0.37412 -0.588555 0.1659 0.219406 0.916586 -0.290187
1158 -0.122578 -0.369152 -0.589067 0.176072 0.21306 0.916137 -0.290338
1163 -0.144644 -0.358597 -0.582257 0.2017 0.202002 0.910703 -0.29855
1164 -0.146855 -0.356134 -0.58457 0.204732 0.198487 0.910396 -0.29978
