1 -0.118347 -0.0853949 -0.702936 0.11151 0.00769823 0.987593 -0.110306
2 -0.112351 -0.0812882 -0.706819 0.106129 0.00610525 0.989026 -0.102605
6 -0.084204 -0.0882153 -0.703722 0.0870272 0.0143904 0.991681 -0.0937421
7 -0.0699019 -0.0900165 -0.705393 0.0761627 0.0165729 0.993026 -0.0884555
8 -0.0633252 -0.0897812 -0.706645 0.0711183 0.0166094 0.993651 -0.0855806
9 -0.03979 -0.0892068 -0.708513 0.0519726 0.017428 0.995581 -0.0762414
10 0.00284559 -0.117643 -0.706639 0.0198889 0.0411048 0.996835 -0.0650796
11 0.0192477 -0.0917957 -0.70912 0.00542846 0.0215369 0.998304 -0.0538109
12 0.0350982 -0.0926057 -0.708221 -0.00757508 0.0223647 0.998578 -0.0478042
14 0.0638312 -0.0958168 -0.704266 -0.0311153 0.0245348 0.998548 -0.0364953
15 0.0831199 -0.0960125 -0.702352 -0.0484119 0.0238754 0.998312 -0.0214461
17 0.0647935 -0.0876119 -0.708143 -0.0344848 0.0164998 0.999011 -0.0226883
21 0.0222263 -0.0603258 -0.715986 -0.00478885 -0.00438372 0.99962 -0.0267772
22 0.00813734 -0.0582121 -0.722558 0.00508338 -0.00512371 0.999315 -0.0363101
23 -0.0153363 -0.0388952 -0.726539 0.0210029 -0.0199902 0.998957 -0.0352797
24 -0.0359366 -0.0305159 -0.728645 0.035626 -0.026262 0.998126 -0.0422502
26 -0.0433666 -0.0516925 -0.730772 0.0408269 -0.0106078 0.997962 -0.0478835
28 -0.078915 -0.0339614 -0.72604 0.0661412 -0.0266538 0.995833 -0.05684
29 -0.080836 -0.0530708 -0.727666 0.0675068 -0.0133014 0.995547 -0.064435
32 0.00719602 -0.0378275 -0.731816 -0.00212206 -0.0208319 0.999591 -0.0195042
34 0.0704022 -0.0411077 -0.727964 -0.048431 -0.018887 0.998646 -0.00177064
35 0.116642 -0.0451236 -0.720831 -0.0829566 -0.0168148 0.99637 0.00902519
36 0.133146 -0.0427355 -0.71896 -0.0950969 -0.019561 0.995119 0.0176682
38 0.180292 -0.0552539 -0.709094 -0.129502 -0.0121557 0.991156 0.0263037
39 0.212374 -0.0538944 -0.699528 -0.153405 -0.0152543 0.987366 0.036649
40 0.24948 -0.0572189 -0.684113 -0.182103 -0.0164199 0.981897 0.0494701
43 0.274892 -0.0632413 -0.674263 -0.201544 -0.0144957 0.977817 0.0551675
44 0.298207 -0.0679018 -0.663905 -0.22012 -0.0142981 0.973235 0.064472
45 0.312586 -0.0708984 -0.656511 -0.231753 -0.0145088 0.970102 0.0705771
46 0.335162 -0.0777436 -0.643418 -0.25058 -0.0125386 0.96499 0.076462
48 0.361481 -0.0896513 -0.624959 -0.27411 -0.00912251 0.957443 0.08991
49 0.384198 -0.0946297 -0.609066 -0.294046 -0.00983644 0.950672 0.0983032
50 0.407271 -0.0997159 -0.592031 -0.313823 -0.0104053 0.943618 0.104847
51 0.428155 -0.106853 -0.575617 -0.332599 -0.0104939 0.936053 0.114338
53 0.44093 -0.130765 -0.561349 -0.347568 0.000315622 0.928731 0.129055
55 0.428467 -0.152676 -0.563316 -0.341894 0.0156532 0.930125 0.133159
56 0.420852 -0.171683 -0.564137 -0.339312 0.0279498 0.929932 0.138971
59 0.420164 -0.209146 -0.55766 -0.345201 0.0496402 0.924929 0.151253
61 0.435794 -0.22526 -0.545775 -0.357774 0.0564448 0.918836 0.156692
64 0.44977 -0.251931 -0.530054 -0.375842 0.0675414 0.907812 0.173372
65 0.459258 -0.2687 -0.519321 -0.387757 0.0725738 0.900046 0.185191
66 0.47016 -0.28414 -0.501732 -0.403698 0.0764456 0.890302 0.196333
68 0.470969 -0.289027 -0.506733 -0.404201 0.0748003 0.888548 0.203737
79 0.489375 -0.27357 -0.490983 -0.416137 0.0796955 0.882209 0.205393
80 0.49435 -0.276562 -0.481184 -0.423848 0.0821602 0.877277 0.209732
83 0.508977 -0.27105 -0.473828 -0.431136 0.0874456 0.874774 0.203092
84 0.521708 -0.279166 -0.451946 -0.449604 0.0857337 0.861735 0.218906
86 0.503668 -0.275261 -0.461214 -0.438132 0.088232 0.867532 0.218275
88 0.501702 -0.292138 -0.446043 -0.447144 0.0900652 0.859032 0.232412
89 0.50153 -0.295314 -0.442912 -0.447605 0.0893543 0.858877 0.232371
90 0.510727 -0.299551 -0.432397 -0.457376 0.0863614 0.852719 0.237106
91 0.510548 -0.306383 -0.427232 -0.458796 0.0896141 0.851084 0.239024
93 0.523742 -0.311037 -0.407163 -0.469576 0.09266 0.845227 0.237705
94 0.53518 -0.311965 -0.394198 -0.482462 0.08625 0.835817 0.247388
99 0.553315 -0.308321 -0.387181 -0.489683 0.085415 0.830714 0.250656
100 0.55764 -0.317111 -0.371386 -0.500588 0.0868685 0.821869 0.257674
101 0.557743 -0.326945 -0.360164 -0.509653 0.0881226 0.812873 0.267818
103 0.554723 -0.343768 -0.358159 -0.513664 0.0934806 0.805003 0.281747
106 0.571463 -0.359061 -0.308212 -0.548731 0.0877727 0.776709 0.296502
107 0.577334 -0.377341 -0.267593 -0.574253 0.0864725 0.752171 0.31144
108 0.576813 -0.400976 -0.225948 -0.599298 0.0866457 0.723835 0.330752
110 0.572629 -0.42481 -0.18434 -0.623202 0.0868718 0.693967 0.349976
112 0.567982 -0.443633 -0.139218 -0.64713 0.0858444 0.664735 0.363292
113 0.556586 -0.466423 -0.0993365 0.667582 -0.0886676 -0.635864 -0.377027
116 0.543433 -0.48417 -0.0668326 0.68394 -0.0872291 -0.609332 -0.391575
117 0.529763 -0.500676 -0.0346813 0.699625 -0.0890364 -0.58503 -0.400421
118 0.507014 -0.523448 0.00296218 0.718194 -0.0887142 -0.550034 -0.416881
120 0.488884 -0.538907 0.0373912 0.734194 -0.086982 -0.521379 -0.426096
121 0.47975 -0.54454 0.0464095 0.737812 -0.0913632 -0.51391 -0.427999
127 0.537037 -0.480005 -0.118474 -0.646543 0.121749 0.658837 0.364818
133 0.497249 -0.52526 -0.0308925 0.6972 -0.111036 -0.57658 -0.411264
136 0.428877 -0.572538 0.0699763 0.750218 -0.0987502 -0.473096 -0.451223
137 0.407703 -0.581343 0.0965848 0.763318 -0.0990455 -0.44683 -0.455937
138 0.395738 -0.588387 0.103124 0.766595 -0.0974604 -0.434352 -0.462786
139 0.39117 -0.591396 0.105078 0.76806 -0.0941369 -0.428086 -0.466866
140 0.379048 -0.59371 0.125103 0.777576 -0.0941924 -0.411737 -0.465808
141 0.362388 -0.599919 0.138585 0.784093 -0.0923896 -0.393438 -0.47103
142 0.349638 -0.603704 0.149131 0.78909 -0.091485 -0.379998 -0.473887
145 0.323139 -0.613712 0.163385 0.795887 -0.0899592 -0.354055 -0.482821
146 0.310351 -0.623114 0.157675 0.793356 -0.0904773 -0.344611 -0.493602
147 0.314135 -0.615602 0.173358 0.800865 -0.0866318 -0.34144 -0.484282
149 0.274146 -0.634555 0.185112 -0.806048 0.0846718 0.304081 0.500651
150 0.253518 -0.634653 0.201727 0.813491 -0.0860424 -0.285693 -0.499209
152 0.230663 -0.645242 0.202894 -0.813845 0.0853585 0.266315 0.509359
154 0.202279 -0.646563 0.21685 -0.820972 0.0797019 0.237905 0.512888
155 0.191026 -0.651484 0.214182 -0.819604 0.0810464 0.230212 0.518347
158 0.153556 -0.655226 0.225848 -0.825351 0.0776373 0.195777 0.523869
161 0.119591 -0.657362 0.235124 -0.830844 0.0719364 0.161557 0.527658
162 0.0987353 -0.661164 0.232635 -0.83018 0.0718644 0.144218 0.533702
164 0.0751431 -0.662313 0.234963 -0.832077 0.0690589 0.122813 0.536466
185 0.0281433 -0.629902 0.230251 -0.835744 0.0835926 0.108543 0.531755
190 0.111623 -0.619382 0.181605 -0.822016 0.044776 0.138792 0.550473
194 0.0957569 -0.60019 0.200059 -0.833952 0.0462268 0.105693 0.539645
195 0.088019 -0.600669 0.196917 -0.832757 0.0471137 0.0996817 0.54255
197 0.0532322 -0.605951 0.192529 -0.831088 0.0514716 0.0704428 0.549256
199 0.0389865 -0.60541 0.219402 -0.840336 0.0454639 0.0506051 0.53778
200 -0.00732631 -0.607836 0.217414 -0.839067 0.0459299 0.0126715 0.541937
201 -0.0437683 -0.606835 0.216005 -0.838584 0.0396947 -0.0225694 0.542854
203 -0.0939434 -0.600469 0.216429 -0.839721 0.0356256 -0.0692635 0.537403
206 -0.131646 -0.593237 0.195009 -0.833767 0.0189507 -0.122749 0.537964
208 -0.16286 -0.589394 0.185594 -0.829657 0.0150856 -0.157424 0.535406
209 -0.178667 -0.584733 0.184197 -0.829158 0.0139158 -0.17393 0.531085
211 -0.202302 -0.582146 0.176232 -0.825027 0.00942233 -0.199559 0.5286
212 -0.230968 -0.574282 0.172539 -0.822774 0.00983135 -0.224742 0.521955
213 -0.266129 -0.565445 0.16281 -0.817129 0.0102575 -0.256442 0.516171
214 -0.288304 -0.561599 0.151911 -0.811003 0.00937282 -0.277839 0.514773
215 -0.316466 -0.552398 0.14295 -0.805893 0.00949707 -0.304192 0.507852
216 -0.356886 -0.537188 0.121266 -0.794704 0.0150096 -0.342513 0.500904
217 -0.402462 -0.519899 0.0688726 0.769253 -0.0105713 0.400103 -0.498052
218 -0.431324 -0.515363 0.014816 0.74113 0.00720865 0.45082 -0.49743
233 -0.410265 -0.567684 0.114895 0.784918 -0.00269434 0.380714 -0.488828
234 -0.410934 -0.564727 0.126421 0.78989 -0.00947609 0.374596 -0.485449
237 -0.451382 -0.552061 0.0698861 0.763399 0.00570247 0.432186 -0.480004
238 -0.479414 -0.534348 0.0340645 0.745964 0.00845392 0.470226 -0.471544
239 -0.495847 -0.522385 0.0108867 0.734764 0.00912544 0.492906 -0.465921
240 -0.531861 -0.483488 -0.0142121 0.72276 -0.0065927 0.526938 -0.447114
241 -0.552057 -0.457796 -0.106807 0.674828 0.0120735 0.596304 -0.434607
242 -0.555134 -0.442748 -0.159884 0.646107 0.0168727 0.628808 -0.432274
243 -0.572952 -0.415848 -0.140541 0.65638 0.000794412 0.63102 -0.413495
245 -0.575524 -0.396126 -0.182631 0.632682 0.0034146 0.66048 -0.404311
247 -0.576231 -0.372257 -0.225951 0.606826 0.00626352 0.692684 -0.38976
248 -0.567661 -0.344111 -0.2936 0.565127 0.0104536 0.734168 -0.376191
251 -0.563426 -0.32704 -0.313813 0.551147 0.0103618 0.750421 -0.364689
254 -0.567368 -0.364764 -0.260305 0.581423 0.0172021 0.719581 -0.379281
259 -0.566862 -0.340402 -0.293502 0.555479 0.0234654 0.75299 -0.351991
260 -0.555511 -0.314313 -0.343162 0.523458 0.0215303 0.780915 -0.340146
262 -0.51607 -0.289292 -0.423346 0.463093 0.0401019 0.829527 -0.309552
263 -0.477999 -0.236796 -0.493094 0.405256 0.0304518 0.870167 -0.278658
265 -0.447425 -0.239424 -0.524042 0.376018 0.0469681 0.886204 -0.266545
266 -0.445169 -0.205881 -0.53808 0.364654 0.0275131 0.895018 -0.255369
267 -0.42908 -0.192709 -0.556987 0.346588 0.0258116 0.904881 -0.245765
268 -0.393976 -0.172627 -0.590353 0.311365 0.0257075 0.922268 -0.227625
270 -0.36305 -0.158784 -0.61516 0.282913 0.0264863 0.934844 -0.212899
271 -0.357733 -0.15939 -0.617937 0.279071 0.0276798 0.935979 -0.21283
274 -0.294357 -0.162343 -0.653222 0.22949 0.0441212 0.951468 -0.20024
275 -0.289287 -0.136883 -0.660529 0.220732 0.0300749 0.957341 -0.184043
276 -0.268486 -0.130027 -0.670387 0.203657 0.0301384 0.96282 -0.174908
277 -0.24168 -0.126737 -0.683411 0.181978 0.0334261 0.968909 -0.164263
278 -0.225702 -0.123796 -0.689341 0.16981 0.0340919 0.971857 -0.159678
280 -0.132536 -0.131397 -0.717648 0.100192 0.0531524 0.984325 -0.135058
281 -0.125484 -0.111341 -0.719536 0.0927569 0.0408546 0.987374 -0.121732
282 -0.100805 -0.110973 -0.723821 0.074201 0.0435473 0.990039 -0.111447
283 -0.0542127 -0.108353 -0.730655 0.039245 0.0462778 0.993754 -0.0936593
284 -0.0384818 -0.109504 -0.731446 0.0273001 0.0484038 0.994661 -0.0869521
285 -0.0148714 -0.110914 -0.733033 0.00966644 0.0510166 0.995569 -0.0784027
286 0.0138733 -0.108981 -0.73424 -0.0114303 0.0511682 0.996362 -0.06718
287 0.0446152 -0.110459 -0.733243 -0.0342014 0.0533647 0.996356 -0.0570742
288 0.0678657 -0.122103 -0.729043 -0.0506768 0.0626871 0.995358 -0.0525764
289 0.0927615 -0.119716 -0.727157 -0.0697642 0.0613276 0.994808 -0.0415914
290 0.113014 -0.117419 -0.725164 -0.0873228 0.058661 0.994202 -0.0222576
291 0.143604 -0.133107 -0.715564 -0.11124 0.0696398 0.991295 -0.0104827
292 0.174652 -0.122864 -0.710548 -0.134931 0.0606676 0.988987 0.00423693
293 0.197905 -0.12616 -0.703676 -0.153301 0.0620665 0.986161 0.0115183
294 0.245507 -0.1418 -0.685371 -0.191086 0.0693424 0.97856 0.0331263
296 0.28642 -0.15127 -0.666086 -0.22467 0.0714082 0.970443 0.0516167
297 0.319488 -0.153847 -0.648788 -0.252236 0.0690691 0.963025 0.064729
298 0.353613 -0.164233 -0.626822 -0.281568 0.071289 0.953594 0.0793435
299 0.382104 -0.175381 -0.605926 -0.307779 0.0729649 0.943769 0.0961713
300 0.391636 -0.182229 -0.596227 -0.317464 0.0758647 0.939802 0.10116
302 0.439922 -0.195391 -0.554213 -0.361845 0.0744103 0.921193 0.122208
304 0.477903 -0.21347 -0.513216 -0.400768 0.075531 0.901699 0.143593
305 0.506198 -0.232411 -0.475285 -0.434025 0.0768855 0.882407 0.164526
307 0.531423 -0.25716 -0.428539 -0.471131 0.0801641 0.857971 0.188402
308 0.541347 -0.260628 -0.412598 -0.483218 0.0787181 0.850452 0.192447
311 0.557976 -0.27072 -0.382901 -0.501534 0.0831541 0.83918 0.1932
312 0.547808 -0.286882 -0.383605 -0.502226 0.0872459 0.834214 0.210342
314 0.552238 -0.29723 -0.367543 -0.51368 0.0888202 0.824717 0.219286
315 0.564704 -0.31614 -0.327332 -0.541174 0.0901615 0.802194 0.235557
316 0.562108 -0.347816 -0.30316 -0.557428 0.0964008 0.781286 0.263768
318 0.575402 -0.370009 -0.234905 -0.599679 0.0945825 0.743116 0.281456
320 0.576253 -0.398253 -0.181401 -0.63117 0.0965699 0.70756 0.302749
322 0.574628 -0.415169 -0.13809 -0.655528 0.0951027 0.679103 0.316319
323 0.567228 -0.435 -0.0968201 0.677456 -0.0964127 -0.650423 -0.329709
324 0.564113 -0.441014 -0.0904081 0.680701 -0.0983504 -0.644819 -0.33344
327 0.563988 -0.44743 -0.056499 0.698727 -0.0934515 -0.622448 -0.340007
329 0.555027 -0.455991 -0.0386467 0.708933 -0.0916495 -0.605316 -0.350153
330 0.544853 -0.467137 -0.0300181 0.71339 -0.0946489 -0.59453 -0.358679
332 0.530836 -0.4809 -0.00843234 0.727055 -0.0877212 -0.567352 -0.376574
333 0.50552 -0.50469 0.0239429 0.743412 -0.0892054 -0.532354 -0.394945
334 0.482993 -0.516881 0.0682295 0.765155 -0.086219 -0.495031 -0.402553
335 0.462643 -0.539606 0.0805722 0.77086 -0.0845991 -0.469654 -0.421951
336 0.454041 -0.538077 0.104132 0.783009 -0.080147 -0.452019 -0.419705
337 0.417883 -0.561623 0.128038 0.79311 -0.0828338 -0.41567 -0.437416
338 0.379439 -0.569993 0.175241 0.81464 -0.0766339 -0.367657 -0.441947
340 0.335724 -0.585034 0.203047 0.826469 -0.0771776 -0.325837 -0.452575
341 0.298079 -0.607454 0.201755 0.825199 -0.0804626 -0.297042 -0.473643
343 0.271153 -0.603972 0.234258 0.839044 -0.0794526 -0.268588 -0.466426
344 0.258418 -0.606989 0.240799 0.841565 -0.078974 -0.257323 -0.468312
345 0.242485 -0.610921 0.247762 0.844056 -0.0796263 -0.244077 -0.470802
346 0.220729 -0.616933 0.253334 0.845413 -0.0841025 -0.229483 -0.474911
347 0.203339 -0.616918 0.26208 0.849098 -0.0853792 -0.215579 -0.474625
348 0.168184 -0.623043 0.270601 0.852416 -0.0858933 -0.186847 -0.480727
349 0.141282 -0.627369 0.274925 0.854233 -0.0873286 -0.16499 -0.485219
350 0.101722 -0.630879 0.283664 0.85769 -0.0874056 -0.131891 -0.489216
351 0.0772394 -0.63255 0.28852 0.85985 -0.0845773 -0.109329 -0.491479
352 0.0379371 -0.632402 0.293036 0.861576 -0.0874881 -0.0784273 -0.493845
353 0.0145104 -0.633051 0.293224 0.861743 -0.0865712 -0.0581788 -0.496508
354 -0.00526879 -0.636473 0.28735 -0.859487 0.0840244 0.0406906 0.502559
356 -0.0379968 -0.644969 0.268025 -0.85309 0.0755287 0.00799198 0.516206
363 -0.071136 -0.673049 0.202662 -0.830493 0.0457877 -0.0446892 0.553342
365 -0.133974 -0.67126 0.175936 -0.819476 0.0331204 -0.111019 0.561281
367 -0.191985 -0.662069 0.159015 -0.811406 0.0302872 -0.165088 0.559865
368 -0.212247 -0.656428 0.149612 -0.8074 0.0275851 -0.186694 0.559008
369 -0.234884 -0.648938 0.141185 -0.803505 0.0250188 -0.211119 0.556042
370 -0.263464 -0.641493 0.123879 -0.795417 0.0210116 -0.243192 0.554733
372 -0.302613 -0.627691 0.0945257 -0.781736 0.0145475 -0.291091 0.551311
375 -0.340712 -0.613139 0.057946 -0.763751 0.00510124 -0.343818 0.546304
376 -0.352695 -0.612649 0.0231707 -0.746618 -0.0088188 -0.373213 0.550632
379 -0.326764 -0.621952 0.0129287 -0.742231 -0.0222087 -0.370135 0.558211
380 -0.300786 -0.63166 -0.00498875 -0.733537 -0.0376045 -0.368884 0.569591
383 -0.272494 -0.643435 -0.0176919 -0.724182 -0.0608918 -0.370209 0.578617
394 -0.333807 -0.61808 -0.0220766 -0.717746 -0.0480547 -0.419926 0.553348
396 -0.366227 -0.599545 -0.0601292 -0.69766 -0.0502051 -0.465358 0.542394
397 -0.408829 -0.566518 -0.0848772 -0.684812 -0.0378614 -0.506472 0.522574
399 -0.401992 -0.562599 -0.137573 -0.653394 -0.058446 -0.540469 0.526834
404 -0.420646 -0.537042 -0.179781 -0.632601 -0.0493224 -0.566045 0.526285
405 -0.457373 -0.506796 -0.174328 -0.637725 -0.027804 -0.581917 0.503891
406 -0.430293 -0.518098 -0.21295 -0.612849 -0.0516685 -0.594472 0.518025
407 -0.436255 -0.507409 -0.22744 -0.603827 -0.0511228 -0.608422 0.512447
408 -0.466085 -0.476119 -0.233984 0.601296 0.033602 0.628788 -0.491874
409 -0.468197 -0.46299 -0.266681 0.580975 0.0379346 0.652918 -0.484487
410 -0.465641 -0.44066 -0.308353 0.552762 0.0433309 0.685928 -0.471253
412 -0.459899 -0.41842 -0.34784 0.525033 0.0478688 0.716097 -0.457443
414 -0.452182 -0.397538 -0.383798 0.497868 0.052563 0.74482 -0.441143
415 -0.445213 -0.381118 -0.411292 0.476184 0.0561348 0.767386 -0.425695
416 -0.434664 -0.366234 -0.437704 0.453708 0.0615157 0.789406 -0.408904
417 -0.416374 -0.346607 -0.475239 0.420576 0.0675288 0.817561 -0.387492
419 -0.399517 -0.319274 -0.509963 0.388523 0.0662015 0.844006 -0.363761
421 -0.379046 -0.30832 -0.532297 0.363615 0.0731666 0.861656 -0.346382
422 -0.366399 -0.295878 -0.550354 0.345424 0.073367 0.874123 -0.33348
423 -0.357147 -0.290236 -0.560167 0.333828 0.0759403 0.882156 -0.323407
425 -0.337095 -0.278983 -0.578194 0.310738 0.0793664 0.8961 -0.306837
426 -0.30321 -0.298758 -0.587225 0.289582 0.104767 0.901628 -0.303699
427 -0.290287 -0.293728 -0.597149 0.276203 0.106501 0.907776 -0.297173
428 -0.29409 -0.261228 -0.611092 0.26707 0.0870773 0.918136 -0.279495
430 -0.271887 -0.248895 -0.626426 0.245117 0.0878723 0.928241 -0.265641
431 -0.258773 -0.250232 -0.632084 0.234898 0.0934141 0.932125 -0.259306
432 -0.228444 -0.248467 -0.644689 0.209755 0.101194 0.940825 -0.246194
433 -0.196843 -0.268157 -0.644675 0.19183 0.122215 0.941547 -0.248505
434 -0.201891 -0.244133 -0.655504 0.187014 0.106004 0.948769 -0.231573
435 -0.165377 -0.259698 -0.656369 0.163487 0.125037 0.950998 -0.230741
436 -0.172985 -0.236637 -0.665926 0.160817 0.10848 0.957554 -0.213214
438 -0.121269 -0.257997 -0.673972 0.122279 0.133335 0.963121 -0.199168
439 -0.114804 -0.235623 -0.680589 0.112536 0.119416 0.969467 -0.182233
440 -0.0774526 -0.257618 -0.679216 0.0880118 0.140643 0.970229 -0.176434
441 -0.0623693 -0.240038 -0.686671 0.072454 0.130049 0.975837 -0.159935
442 -0.037848 -0.238767 -0.6896 0.0510809 0.132372 0.979328 -0.14417
443 -0.0277296 -0.238721 -0.690358 0.0418129 0.133506 0.98085 -0.135506
444 -0.000477496 -0.238934 -0.692408 0.0155965 0.13685 0.984125 -0.111924
446 -0.000206573 -0.240797 -0.691005 0.0128577 0.137718 0.984795 -0.105108
448 0.037212 -0.237871 -0.692668 -0.0140555 0.138119 0.985503 -0.0975185
449 0.0605714 -0.234532 -0.693006 -0.0280579 0.13761 0.985146 -0.0988142
450 0.0557964 -0.243425 -0.688268 -0.0275215 0.143114 0.985043 -0.0919301
452 0.0767367 -0.239685 -0.688235 -0.0468042 0.141902 0.985965 -0.0744772
454 0.0733182 -0.236174 -0.689842 -0.0473506 0.139953 0.986772 -0.0667277
455 0.112194 -0.236429 -0.682853 -0.0785386 0.141913 0.985439 -0.0510079
465 0.143018 -0.241511 -0.674343 -0.112419 0.145235 0.982785 -0.0200767
467 0.171411 -0.250709 -0.663949 -0.138171 0.149995 0.978984 0.00119766
468 0.206497 -0.257888 -0.651008 -0.170231 0.152301 0.973223 0.0257414
470 0.258726 -0.270812 -0.624157 -0.217187 0.15796 0.96188 0.0516286
471 0.294431 -0.277071 -0.604102 -0.250673 0.157195 0.952467 0.0725174
472 0.320251 -0.286424 -0.585717 -0.276827 0.15842 0.943255 0.0924088
473 0.348819 -0.295781 -0.561634 -0.306785 0.159044 0.931743 0.111551
474 0.377384 -0.308192 -0.533516 -0.339029 0.159592 0.917387 0.134131
476 0.417582 -0.331797 -0.484766 -0.389924 0.159902 0.890101 0.173525
477 0.433283 -0.344634 -0.458178 -0.415104 0.158395 0.87385 0.197447
478 0.448098 -0.356983 -0.43347 -0.43746 0.158378 0.858945 0.213914
479 0.464806 -0.362275 -0.40771 -0.458927 0.157049 0.846533 0.219326
480 0.475107 -0.381885 -0.375499 -0.484441 0.158849 0.825571 0.241902
482 0.487223 -0.411421 -0.320725 -0.525435 0.159791 0.788971 0.275519
483 0.491132 -0.436623 -0.277996 -0.5555 0.160682 0.758018 0.301678
484 0.491918 -0.458804 -0.232089 -0.586119 0.159801 0.724851 0.324839
485 0.485784 -0.479965 -0.195908 -0.609258 0.159139 0.694817 0.347431
486 0.478311 -0.496589 -0.167325 -0.626888 0.159453 0.670244 0.363812
487 0.471011 -0.511569 -0.135096 0.646075 -0.15795 -0.643896 -0.378201
488 0.464087 -0.520133 -0.119262 0.656173 -0.155473 -0.627445 -0.389331
489 0.456464 -0.530851 -0.102287 0.665402 -0.156914 -0.611956 -0.397653
490 0.450686 -0.536658 -0.0855034 0.675683 -0.153227 -0.596155 -0.405676
492 0.444615 -0.541949 -0.0724713 0.683218 -0.152157 -0.583768 -0.411431
494 0.428022 -0.555565 -0.0523247 0.694593 -0.152802 -0.559956 -0.425019
495 0.4244 -0.563027 -0.0443382 0.699342 -0.151575 -0.550385 -0.430141
498 0.406917 -0.57289 -0.0267671 0.71006 -0.149334 -0.526292 -0.443318
499 0.402495 -0.574341 -0.0124857 0.718019 -0.146099 -0.5146 -0.445299
501 0.380452 -0.587947 0.00797292 0.72814 -0.148177 -0.488727 -0.457168
502 0.373318 -0.59151 0.016254 0.73294 -0.145052 -0.477612 -0.462219
503 0.358837 -0.598474 0.0321317 0.741584 -0.142704 -0.457469 -0.469478
504 0.339734 -0.607212 0.0517345 0.751251 -0.142544 -0.433763 -0.476605
505 0.325007 -0.611942 0.0641423 0.758672 -0.137611 -0.413459 -0.484285
506 0.309635 -0.619101 0.0702883 0.761985 -0.135943 -0.397228 -0.49306
507 0.284404 -0.627442 0.0890261 -0.771391 0.134793 0.368516 0.500981
508 0.280185 -0.623991 0.11044 0.782847 -0.128008 -0.353266 -0.495952
509 0.252727 -0.638146 0.100686 -0.77828 0.130828 0.334357 0.51514
510 0.234156 -0.641923 0.118587 -0.787129 0.128547 0.311195 0.516779
511 0.224367 -0.641447 0.134458 -0.796151 0.120823 0.292307 0.515851
512 0.193997 -0.652951 0.131373 -0.794328 0.123339 0.268664 0.530707
513 0.175993 -0.65695 0.14166 -0.799575 0.119809 0.247374 0.533977
514 0.162315 -0.658515 0.144561 -0.801369 0.118255 0.233739 0.537763
515 0.13915 -0.661985 0.152142 -0.805545 0.114157 0.208336 0.542828
516 0.128805 -0.660761 0.165934 -0.812356 0.110229 0.192934 0.539169
517 0.107127 -0.666026 0.163723 -0.811249 0.110858 0.174847 0.546821
518 0.0960985 -0.663375 0.17164 -0.815973 0.105088 0.159218 0.545705
519 0.0630969 -0.666639 0.174211 -0.81766 0.102093 0.127121 0.552132
520 0.049895 -0.667015 0.175736 -0.818683 0.100004 0.113095 0.554046
526 0.164314 -0.656669 0.155591 -0.808729 0.103808 0.216144 0.537088
536 0.0118073 -0.670318 0.180306 -0.819841 0.094907 0.0718913 0.560075
539 -0.0450412 -0.669367 0.174151 -0.817798 0.0897059 0.0183916 0.568174
541 -0.0926854 -0.666356 0.163599 -0.814322 0.081627 -0.031067 0.573805
543 -0.132822 -0.662342 0.150168 -0.809667 0.0754254 -0.0736197 0.577348
544 -0.170853 -0.655454 0.135606 -0.804186 0.0671617 -0.117576 0.57875
545 -0.211022 -0.645796 0.1185 -0.797067 0.0620272 -0.16136 0.578619
547 -0.247464 -0.63775 0.0965852 -0.787842 0.053602 -0.206146 0.577871
549 -0.2845 -0.626169 0.0715484 -0.776892 0.047145 -0.251841 0.575145
551 -0.314739 -0.613735 0.0484647 -0.766116 0.0407018 -0.293227 0.570462
552 -0.321064 -0.614556 0.0180914 -0.751466 0.0230693 -0.320948 0.575985
554 -0.344907 -0.603084 -0.0067719 -0.738603 0.0174371 -0.357011 0.57158
555 -0.363948 -0.59074 -0.0352953 -0.723529 0.0100227 -0.391672 0.56833
556 -0.386748 -0.577096 -0.0561368 -0.712597 0.0197316 -0.412673 0.567024
557 -0.386532 -0.576755 -0.0651241 -0.707441 0.00336294 -0.429539 0.56126
559 -0.409555 -0.560836 -0.0974103 -0.688977 -0.00147648 -0.4684 0.553091
565 -0.459593 -0.541837 -0.0593595 -0.70276 0.00897592 -0.486655 0.518859
566 -0.460777 -0.541537 -0.0490854 -0.707334 0.00983558 -0.483072 0.515968
570 -0.49335 -0.501921 -0.126412 -0.666337 0.00683718 -0.548837 0.504704
572 -0.532911 -0.44359 -0.175157 0.638311 -0.02091 0.606798 -0.4732
574 -0.538948 -0.413902 -0.236621 0.601186 -0.0134234 0.655734 -0.456517
575 -0.53782 -0.395648 -0.267216 0.581636 -0.0079422 0.681811 -0.443587
577 -0.522111 -0.354272 -0.35074 0.525407 0.000156768 0.738887 -0.421893
578 -0.509231 -0.33021 -0.390833 0.496342 0.00303499 0.766491 -0.407586
580 -0.482778 -0.294631 -0.451577 0.44901 0.00744206 0.80707 -0.38337
582 -0.473495 -0.284236 -0.466781 0.435445 0.0108125 0.82084 -0.36945
583 -0.441078 -0.298285 -0.49284 0.410687 0.0332813 0.833051 -0.369127
584 -0.432516 -0.260586 -0.516253 0.38803 0.0185531 0.852391 -0.350026
585 -0.416079 -0.254673 -0.533005 0.370531 0.0232025 0.863305 -0.341867
586 -0.39831 -0.234389 -0.555306 0.348149 0.0192263 0.877289 -0.329829
587 -0.383558 -0.227845 -0.565975 0.333424 0.0223453 0.886521 -0.320016
588 -0.374833 -0.219554 -0.571471 0.32417 0.0213344 0.892641 -0.31249
589 -0.362785 -0.207054 -0.582938 0.310206 0.0191521 0.900562 -0.303964
590 -0.359734 -0.196255 -0.58892 0.302837 0.0156761 0.905814 -0.295879
594 -0.360141 -0.153507 -0.59694 0.288087 -0.00764912 0.915812 -0.279706
595 -0.35338 -0.146839 -0.602907 0.280214 -0.0086745 0.919675 -0.274959
596 -0.304353 -0.121939 -0.636938 0.234058 -0.00732214 0.939322 -0.250672
597 -0.265859 -0.0997871 -0.660831 0.200574 -0.0109808 0.950348 -0.237672
598 -0.242504 -0.0838043 -0.674317 0.180574 -0.0159967 0.955688 -0.231944
599 -0.207588 -0.0721206 -0.686484 0.152231 -0.015589 0.963812 -0.218286
600 -0.193351 -0.069918 -0.689193 0.140807 -0.0139632 0.966885 -0.212396
601 -0.128741 -0.0786276 -0.708575 0.0926136 0.00332703 0.973654 -0.20835
602 -0.127179 -0.051543 -0.706292 0.0877675 -0.0139274 0.977824 -0.18964
603 -0.101458 -0.0455061 -0.712691 0.0667066 -0.0137353 0.981899 -0.176738
604 -0.0745067 -0.0390769 -0.714905 0.0453769 -0.0141951 0.984321 -0.169859
605 -0.0408825 -0.0316973 -0.719226 0.0195324 -0.0146644 0.987073 -0.1584
606 -0.0111199 -0.0174412 -0.723486 -0.00339433 -0.0208898 0.988244 -0.151412
607 0.0384248 0.00543468 -0.7261 -0.0410667 -0.0308404 0.987994 -0.145708
608 0.072952 -0.00114663 -0.725996 -0.0650854 -0.0224734 0.989024 -0.13073
609 0.105887 0.00828505 -0.721772 -0.0897715 -0.0268656 0.988204 -0.121125
610 0.145874 0.0183122 -0.716964 -0.118405 -0.0310166 0.986329 -0.110335
611 0.178954 0.0147471 -0.709206 -0.14171 -0.0263748 0.984195 -0.102874
612 0.21359 0.022253 -0.701468 -0.167288 -0.0302763 0.981028 -0.0931761
613 0.247695 0.0258115 -0.690026 -0.19278 -0.0316812 0.977029 -0.0851329
614 0.295488 0.0227779 -0.671443 -0.227675 -0.028349 0.970544 -0.0735243
615 0.322889 0.0272568 -0.657206 -0.249159 -0.0312783 0.965619 -0.0672347
616 0.355717 0.027261 -0.640345 -0.274694 -0.031256 0.959178 -0.0595371
617 0.386209 0.0280442 -0.62439 -0.297395 -0.0319841 0.952754 -0.0528551
618 0.425797 0.0260684 -0.598956 -0.328207 -0.0316052 0.943065 -0.0436947
619 0.453817 0.0222994 -0.57845 -0.351042 -0.0298142 0.935129 -0.0376107
622 0.248644 0.0972623 -0.700943 -0.19502 -0.0740403 0.972741 -0.101294
623 0.127939 0.108264 -0.729567 -0.113815 -0.0875019 0.981764 -0.124617
624 0.0729902 0.117902 -0.73547 -0.0775313 -0.0973591 0.98217 -0.140899
626 0.0690245 0.137214 -0.737415 -0.0768448 -0.109021 0.980328 -0.145484
627 0.0417394 0.153114 -0.738583 -0.0603366 -0.121349 0.979085 -0.151744
628 -0.00570111 0.17575 -0.737281 -0.0297765 -0.141394 0.974963 -0.169022
630 -0.0152431 0.18699 -0.738815 -0.0238707 -0.150109 0.972754 -0.175065
632 0.0591787 0.194626 -0.736059 -0.072153 -0.146564 0.973261 -0.16148
633 0.123541 0.21248 -0.728718 -0.114838 -0.151893 0.970258 -0.149463
634 0.187134 0.213299 -0.720945 -0.15571 -0.146631 0.967543 -0.134587
635 0.242458 0.20634 -0.704309 -0.191978 -0.139456 0.96311 -0.12695
636 0.336787 0.188456 -0.66612 -0.256621 -0.12545 0.952442 -0.106119
637 0.37709 0.170365 -0.647256 -0.284472 -0.113471 0.947205 -0.0948784
638 0.393802 0.176852 -0.635916 -0.297749 -0.118085 0.942983 -0.0904634
640 0.47427 0.162172 -0.580806 -0.35961 -0.110442 0.923806 -0.0711721
641 0.567872 0.12522 -0.492981 -0.438838 -0.0942518 0.892634 -0.041744
643 0.60225 0.111266 -0.452257 -0.47087 -0.0885411 0.877161 -0.0321188
649 0.63525 0.145247 -0.407537 -0.501714 -0.108777 0.857316 -0.038206
650 0.670295 0.118561 -0.349408 -0.54123 -0.097716 0.834836 -0.0238652
651 0.695525 0.0907535 -0.298867 -0.57387 -0.0854916 0.814403 -0.0105959
653 0.726181 0.045515 -0.210903 -0.626246 -0.0687147 0.77648 0.0131656
655 0.742947 -0.00579809 -0.118098 -0.675858 -0.0462682 0.734813 0.0335311
656 0.749487 -0.0288097 -0.0731043 -0.698669 -0.0383953 0.713015 0.0446953
657 0.749191 -0.0445874 -0.0471464 0.711511 0.0323731 -0.699999 -0.0520207
659 0.746047 -0.0748365 0.0153589 0.74128 0.0218608 -0.667566 -0.0661855
661 0.739769 -0.0946796 0.0632649 0.762918 0.014264 -0.642031 -0.0744876
662 0.731865 -0.11662 0.0942424 0.776375 0.00487158 -0.624578 -0.0843866
663 0.722588 -0.136548 0.132175 0.792361 -0.00116155 -0.602664 -0.0946529
664 0.715805 -0.145159 0.153911 0.801434 -0.00373873 -0.589803 -0.0990995
666 0.702753 -0.154462 0.191713 0.81692 -0.00887003 -0.567686 -0.10147
667 0.690091 -0.165059 0.218844 0.827943 -0.0130599 -0.550492 -0.106289
668 0.67976 -0.175181 0.238531 0.835843 -0.0171526 -0.537354 -0.111005
669 0.653457 -0.199696 0.28286 0.852601 -0.0293842 -0.507518 -0.120972
670 0.631335 -0.214294 0.314751 0.864751 -0.0361962 -0.484383 -0.127549
671 0.600905 -0.23307 0.354922 0.879611 -0.044506 -0.453486 -0.136582
672 0.566509 -0.253748 0.389161 0.892135 -0.0551816 -0.423654 -0.146862
673 0.532211 -0.269326 0.423231 0.904293 -0.0614473 -0.392843 -0.155408
674 0.495305 -0.286693 0.451938 0.914394 -0.0702404 -0.362889 -0.165108
675 0.486147 -0.288267 0.459222 0.917369 -0.0712432 -0.354618 -0.166149
677 0.434638 -0.304414 0.490344 0.929464 -0.0791816 -0.313892 -0.176914
678 0.414056 -0.306467 0.501531 0.934247 -0.0807785 -0.297624 -0.179104
679 0.388829 -0.319001 0.51217 0.937757 -0.0858015 -0.279384 -0.187601
680 0.350696 -0.330219 0.530159 0.942915 -0.095523 -0.253422 -0.193816
681 0.312018 -0.338908 0.547978 0.947663 -0.104377 -0.227055 -0.198711
682 0.292468 -0.343667 0.557889 0.949727 -0.109413 -0.213667 -0.200983
683 0.250836 -0.352772 0.568958 0.95279 -0.118066 -0.186752 -0.208268
684 0.232387 -0.352934 0.576905 0.954843 -0.121129 -0.173853 -0.208275
685 0.190958 -0.363996 0.587317 0.955875 -0.132484 -0.148609 -0.216023
686 0.181902 -0.352964 0.595577 0.95855 -0.13306 -0.142376 -0.207861
689 0.110315 -0.371713 0.602283 0.957382 -0.150162 -0.101298 -0.224966
691 0.0420534 -0.368893 0.617177 0.957887 -0.165847 -0.0604678 -0.226475
694 -0.0351511 -0.367726 0.616234 0.955041 -0.178985 -0.0150651 -0.235867
695 -0.0745383 -0.359579 0.623232 0.954179 -0.186661 0.0100883 -0.233663
698 -0.0195145 -0.35824 0.629088 0.958592 -0.170129 -0.0230116 -0.227216
707 -0.133641 -0.354108 0.615237 0.952015 -0.183873 0.0497321 -0.23955
708 -0.201978 -0.348098 0.602181 0.945081 -0.193344 0.0946977 -0.245912
710 -0.290208 -0.333605 0.5755 0.932253 -0.208658 0.152712 -0.253073
712 -0.338915 -0.323447 0.553343 0.923098 -0.215966 0.186695 -0.25767
713 -0.377693 -0.312651 0.535232 0.914883 -0.222326 0.214685 -0.259753
714 -0.397595 -0.30873 0.525048 0.909973 -0.226318 0.228267 -0.261962
715 -0.425755 -0.301877 0.505306 0.90223 -0.230028 0.249875 -0.265763
716 -0.444268 -0.287636 0.500622 0.898712 -0.235124 0.263616 -0.259885
717 -0.477976 -0.285276 0.472689 0.887423 -0.237575 0.289531 -0.268721
719 -0.534168 -0.262002 0.427382 0.867636 -0.246885 0.334911 -0.272196
720 -0.56771 -0.247158 0.396311 0.854197 -0.250624 0.363735 -0.274284
721 -0.600459 -0.228603 0.364401 0.839499 -0.255985 0.392666 -0.274821
722 -0.620499 -0.214415 0.337115 0.827632 -0.260394 0.413205 -0.276552
723 -0.646177 -0.198696 0.298053 0.81107 -0.262905 0.441032 -0.280243
724 -0.669203 -0.180277 0.261182 0.794443 -0.266674 0.46717 -0.281953
725 -0.688701 -0.159738 0.224546 0.777329 -0.271648 0.491966 -0.282732
726 -0.698901 -0.150394 0.202775 0.767029 -0.273573 0.505723 -0.284727
728 -0.714141 -0.117394 0.169862 0.749626 -0.280934 0.531612 -0.276634
729 -0.720184 -0.10905 0.150666 0.740821 -0.281944 0.54275 -0.277695
730 -0.731906 -0.0883619 0.107488 0.720223 -0.284647 0.567862 -0.278905
731 -0.737892 -0.0778165 0.0753373 0.70543 -0.284394 0.584745 -0.282067
732 -0.744228 -0.0602251 0.0479002 0.691024 -0.287646 0.600942 -0.280383
733 -0.747616 -0.0424776 0.0229523 0.676451 -0.294435 0.613814 -0.28099
734 -0.750742 -0.0240386 -0.016684 0.656802 -0.293255 0.636056 -0.279366
735 -0.750768 -0.00247718 -0.049575 0.638246 -0.296474 0.654362 -0.276686
736 -0.750226 0.00507753 -0.0695584 0.628073 -0.294865 0.665008 -0.276304
737 -0.748959 0.0201982 -0.0973728 0.612501 -0.296066 0.679315 -0.27517
738 -0.745484 0.0381266 -0.125963 0.595855 -0.297439 0.694634 -0.271974
739 -0.740716 0.0489038 -0.153795 0.580528 -0.29605 0.708059 -0.272021
740 -0.734675 0.0651949 -0.186437 0.561836 -0.295131 0.724282 -0.269543
741 -0.724921 0.0870677 -0.215763 0.54191 -0.299217 0.738843 -0.266296
743 -0.71308 0.104079 -0.249444 0.5207 -0.29844 0.755054 -0.264004
744 -0.699606 0.126409 -0.282391 0.498235 -0.299803 0.771534 -0.2581
745 -0.679297 0.139829 -0.329458 0.469758 -0.29333 0.791825 -0.257485
746 -0.664726 0.154411 -0.355507 0.451246 -0.293407 0.803338 -0.254828
747 -0.641733 0.177834 -0.384396 0.426612 -0.297324 0.816822 -0.249805
748 -0.613861 0.183569 -0.432292 0.396737 -0.285449 0.835843 -0.24997
750 -0.561634 0.208794 -0.486696 0.350732 -0.28178 0.85863 -0.245644
751 -0.52733 0.224743 -0.517946 0.321674 -0.279957 0.871481 -0.242221
752 -0.509134 0.228154 -0.534875 0.307078 -0.276041 0.878082 -0.241818
753 -0.484493 0.243103 -0.551618 0.286879 -0.278423 0.885088 -0.238327
755 -0.461585 0.244468 -0.570761 0.269825 -0.271793 0.893074 -0.236098
760 -0.46469 0.288777 -0.557388 0.264412 -0.301872 0.886978 -0.228538
761 -0.463032 0.302587 -0.550973 0.26182 -0.311331 0.88537 -0.22504
763 -0.463825 0.306922 -0.552464 0.260788 -0.312784 0.885704 -0.222899
764 -0.488578 0.298645 -0.533881 0.279806 -0.314562 0.879077 -0.223569
765 -0.537252 0.28617 -0.49238 0.31853 -0.321303 0.863087 -0.224465
766 -0.584059 0.260487 -0.44405 0.361843 -0.32163 0.845489 -0.225328
767 -0.59856 0.255889 -0.4255 0.375736 -0.323877 0.839008 -0.223588
768 -0.600685 0.257046 -0.427838 0.375671 -0.322274 0.840678 -0.219708
773 -0.590646 0.263094 -0.433535 0.368062 -0.325836 0.842632 -0.21985
778 -0.410506 0.323659 -0.581782 0.223868 -0.307348 0.902385 -0.202786
779 -0.333867 0.345137 -0.618012 0.168272 -0.303931 0.917229 -0.194939
781 -0.277481 0.35389 -0.640782 0.129381 -0.298067 0.926562 -0.189471
783 -0.220717 0.368025 -0.653986 0.0911404 -0.298062 0.932214 -0.183926
784 -0.160089 0.378649 -0.666766 0.0505465 -0.295221 0.937506 -0.177122
785 -0.0923956 0.383998 -0.676796 0.00628057 -0.289117 0.942287 -0.168723
788 -0.0303656 0.387519 -0.682403 -0.0356234 -0.28376 0.944532 -0.161465
789 0.00588534 0.379334 -0.687155 -0.0583195 -0.273926 0.946811 -0.158467
790 0.0574728 0.380417 -0.686578 -0.0909192 -0.269043 0.946993 -0.15018
791 0.0660032 0.386885 -0.681178 -0.097554 -0.273328 0.945046 -0.150545
793 0.124965 0.384966 -0.676009 -0.135444 -0.266874 0.943521 -0.142129
795 0.171612 0.372813 -0.672628 -0.164609 -0.255142 0.943367 -0.133661
796 0.217261 0.368321 -0.662055 -0.194378 -0.249142 0.939952 -0.128977
797 0.262139 0.363176 -0.648706 -0.223849 -0.243493 0.935718 -0.122615
798 0.30104 0.354205 -0.634702 -0.249841 -0.235961 0.931566 -0.118684
799 0.338275 0.347819 -0.61621 -0.276056 -0.231864 0.92619 -0.110472
800 0.361625 0.345062 -0.606748 -0.292032 -0.228778 0.922377 -0.107695
801 0.392289 0.334552 -0.59202 -0.312828 -0.222092 0.917983 -0.100605
802 0.428348 0.328016 -0.570312 -0.338709 -0.217817 0.91038 -0.0950847
803 0.461979 0.316856 -0.545417 -0.364352 -0.211484 0.902472 -0.0898101
804 0.48148 0.30998 -0.530057 -0.379572 -0.208182 0.897448 -0.0846896
805 0.501174 0.300358 -0.516172 -0.394542 -0.202299 0.892703 -0.0805803
806 0.532736 0.288395 -0.48796 -0.420592 -0.195964 0.882696 -0.074491
807 0.566756 0.268857 -0.456658 -0.448881 -0.185258 0.871665 -0.0662236
808 0.598792 0.252777 -0.42094 -0.477466 -0.176603 0.858598 -0.0603953
809 0.633611 0.231964 -0.377288 -0.510282 -0.166778 0.842164 -0.0505688
810 0.677352 0.205164 -0.305993 -0.558131 -0.155216 0.814168 -0.0390911
811 0.712817 0.167763 -0.231649 -0.605121 -0.137285 0.783776 -0.0260189
813 0.737024 0.13462 -0.162407 -0.645714 -0.122991 0.753513 -0.0120444
815 0.753558 0.0928213 -0.0802088 -0.689394 -0.104157 0.716852 0.00327939
817 0.758557 0.0684361 -0.0253289 0.71606 0.0931483 -0.691691 -0.0120917
819 0.758457 0.0355181 0.0462545 0.749398 0.0768357 -0.65726 -0.0225397
820 0.758091 0.0205344 0.0798517 0.764423 0.0689916 -0.640431 -0.027302
821 0.752249 0.00562252 0.11983 0.781936 0.0629508 -0.619265 -0.0335252
822 0.747445 -0.0212613 0.141411 0.791743 0.0508219 -0.606999 -0.0459592
823 0.741514 -0.0338173 0.166317 0.802101 0.0442624 -0.593448 -0.0499503
825 0.732046 -0.0398246 0.192923 0.813191 0.0424974 -0.578029 -0.0528858
826 0.720166 -0.0527594 0.225144 0.826002 0.0340437 -0.559938 -0.0550566
828 0.702623 -0.0726321 0.262501 0.840917 0.0238478 -0.537111 -0.0616597
829 0.683313 -0.0943099 0.298071 0.854917 0.0135096 -0.513843 -0.0699899
830 0.656691 -0.116914 0.340406 0.87106 0.00291284 -0.484733 -0.0792475
831 0.633269 -0.135072 0.371032 0.882616 -0.00681238 -0.462042 -0.0863627
832 0.608974 -0.150207 0.399282 0.893186 -0.0151288 -0.439837 -0.0923801
833 0.590662 -0.163233 0.418158 0.89976 -0.0242645 -0.42488 -0.0965392
839 0.550402 -0.201381 0.434282 0.910281 -0.0238752 -0.393337 -0.126904
845 0.469495 -0.240156 0.501375 0.932158 -0.0525275 -0.329767 -0.139912
846 0.355807 -0.272108 0.569108 0.953161 -0.078611 -0.246967 -0.155922
847 0.276672 -0.293225 0.600644 0.961894 -0.0937564 -0.192715 -0.169795
849 0.204023 -0.300837 0.624752 0.967139 -0.113434 -0.146192 -0.174363
850 0.128049 -0.311233 0.636891 0.969205 -0.129777 -0.0981598 -0.184834
851 0.0702731 -0.322611 0.641205 0.96851 -0.140377 -0.0615263 -0.196205
853 0.0127788 -0.324923 0.644243 0.966822 -0.155708 -0.0268145 -0.200726
854 -0.0101845 -0.32462 0.645496 0.966492 -0.157814 -0.0111159 -0.202152
856 -0.061282 -0.325264 0.642942 0.963756 -0.166492 0.0212759 -0.20737
858 -0.135324 -0.318562 0.634595 0.958136 -0.17977 0.0682089 -0.212144
861 -0.225414 -0.31001 0.611958 0.947331 -0.193907 0.127383 -0.220764
865 -0.399351 -0.279563 0.536018 0.913026 -0.22012 0.248135 -0.237404
871 -0.591721 -0.205271 0.377532 0.841799 -0.260867 0.397122 -0.256156
877 -0.632256 -0.17946 0.320499 0.818383 -0.260048 0.444136 -0.255669
884 -0.674127 -0.162645 0.245738 0.788223 -0.251054 0.497854 -0.26042
886 -0.697039 -0.136633 0.209278 0.769873 -0.257656 0.524514 -0.256502
888 -0.721259 -0.0950914 0.147304 0.738629 -0.270398 0.563256 -0.253091
889 -0.734254 -0.0613372 0.100856 0.714106 -0.277326 0.593632 -0.246462
891 -0.740722 -0.0451444 0.0241858 0.679383 -0.268989 0.635133 -0.250378
893 -0.743174 -0.0204427 -0.032434 0.650459 -0.268283 0.66613 -0.247381
895 -0.744005 0.0160205 -0.0752255 0.624273 -0.277544 0.689949 -0.239215
902 -0.729013 0.0800114 -0.162854 0.570517 -0.282374 0.740322 -0.216098
903 -0.694182 0.129169 -0.265691 0.505286 -0.287479 0.785276 -0.213033
904 -0.671524 0.159644 -0.319589 0.468596 -0.290568 0.807908 -0.208019
906 -0.642538 0.180137 -0.367288 0.434806 -0.288192 0.828676 -0.202944
908 -0.616321 0.199791 -0.403132 0.406277 -0.289183 0.843754 -0.19847
909 -0.602335 0.214368 -0.417786 0.391824 -0.292915 0.850299 -0.194079
910 -0.580062 0.220733 -0.448637 0.369289 -0.288056 0.861955 -0.19412
911 -0.559974 0.229863 -0.473227 0.34983 -0.285427 0.871492 -0.191446
912 -0.540159 0.240183 -0.492594 0.332447 -0.285366 0.878691 -0.189597
914 -0.482279 0.255278 -0.540593 0.286517 -0.27933 0.897286 -0.186443
915 -0.4356 0.276521 -0.57523 0.248011 -0.278812 0.910585 -0.177733
917 -0.375426 0.299647 -0.607039 0.20174 -0.27959 0.923865 -0.166143
919 -0.300734 0.315441 -0.641189 0.148549 -0.275289 0.936308 -0.159611
921 -0.261592 0.325343 -0.655883 0.121672 -0.273883 0.941413 -0.154676
922 -0.232452 0.328166 -0.665665 0.102022 -0.270957 0.944852 -0.153062
923 -0.180052 0.338688 -0.677538 0.0667971 -0.269452 0.950059 -0.142555
926 -0.116316 0.352291 -0.688089 0.0248228 -0.268618 0.953531 -0.134187
928 -0.0510245 0.351181 -0.697234 -0.0170947 -0.259549 0.956974 -0.128622
929 -0.0163721 0.361297 -0.69388 -0.0395891 -0.263173 0.955927 -0.124
930 0.0234141 0.366267 -0.690615 -0.065326 -0.263218 0.955285 -0.117814
935 -0.00256674 0.321956 -0.70438 -0.0437091 -0.236326 0.963254 -0.11992
936 -0.0471432 0.30817 -0.705522 -0.0132565 -0.231745 0.965683 -0.116511
937 -0.0727898 0.312501 -0.705214 0.00336337 -0.234761 0.967758 -0.0912169
938 -0.0859343 0.34425 -0.691393 0.00947343 -0.25766 0.962742 -0.0815462
939 -0.0593957 0.34385 -0.693903 -0.00844665 -0.256072 0.962768 -0.0862167
940 -0.0246943 0.339463 -0.695911 -0.0318787 -0.251485 0.963099 -0.0904409
942 -0.143721 0.34822 -0.677298 0.0462693 -0.268683 0.957331 -0.0958413
943 -0.227412 0.306547 -0.671393 0.103203 -0.249685 0.956965 -0.105944
944 -0.268469 0.295121 -0.656615 0.132009 -0.248776 0.953217 -0.109821
945 -0.289313 0.300606 -0.645588 0.145599 -0.256563 0.948783 -0.113085
946 -0.315921 0.294748 -0.632113 0.165148 -0.260049 0.943547 -0.121734
948 -0.141483 0.339171 -0.676813 0.0445014 -0.26713 0.958386 -0.0903201
949 -0.274949 0.34847 -0.632695 0.134475 -0.289366 0.94244 -0.0999531
950 -0.319338 0.348517 -0.61372 0.164466 -0.294622 0.936258 -0.0978239
957 -0.227179 0.341406 -0.651633 0.100456 -0.278109 0.951176 -0.0884748
959 0.0172332 0.370431 -0.678139 -0.0648948 -0.276915 0.956979 -0.0574318
960 0.122503 0.361914 -0.673661 -0.13371 -0.266438 0.953417 -0.0461369
965 0.204774 0.350548 -0.661029 -0.188353 -0.257246 0.94724 -0.032916
967 0.296309 0.348241 -0.62868 -0.250295 -0.257203 0.933166 -0.0200116
970 0.331103 0.329132 -0.615805 -0.273996 -0.245398 0.929658 -0.0210404
971 0.355643 0.320711 -0.608309 -0.290243 -0.239338 0.926285 -0.0217588
975 0.413764 0.298932 -0.580885 -0.327262 -0.226637 0.917178 -0.0178724
976 0.433129 0.289393 -0.567607 -0.341758 -0.222591 0.91295 -0.0133318
978 0.461498 0.29711 -0.540529 -0.364047 -0.230657 0.902283 -0.0123186
979 0.492528 0.27923 -0.516959 -0.389216 -0.221509 0.894072 -0.00891032
980 0.537583 0.261544 -0.474824 -0.427911 -0.214489 0.877995 -0.00331544
981 0.584817 0.227269 -0.425776 -0.471369 -0.199631 0.858987 0.0099896
983 0.653027 0.183103 -0.328458 -0.543507 -0.183041 0.818864 0.0236314
984 0.691894 0.148445 -0.246451 -0.596243 -0.172533 0.783201 0.0363701
986 0.706832 0.117843 -0.205274 -0.622666 -0.161681 0.764028 0.0490678
987 0.722232 0.0867387 -0.149954 -0.655156 -0.150408 0.737981 0.0594245
988 0.733777 0.0553285 -0.0954525 -0.68572 -0.139269 0.710923 0.0705727
989 0.738915 0.0231161 -0.0385937 0.715842 0.127878 -0.681581 -0.0816459
990 0.736907 -0.00499638 0.0136419 0.742017 0.117864 -0.653648 -0.0909013
992 0.733244 -0.0309924 0.0604484 0.764675 0.107981 -0.627535 -0.0990542
993 0.72402 -0.0519173 0.106275 0.785652 0.100633 -0.601371 -0.104772
994 0.709506 -0.0772467 0.162341 0.810299 0.0903815 -0.568278 -0.110938
1006 0.699042 -0.0851446 0.210487 0.829869 0.0917989 -0.538978 -0.111322
1007 0.609177 -0.15133 0.365876 0.891655 0.0591502 -0.431181 -0.124642
1008 0.547073 -0.184177 0.438021 0.917778 0.0374964 -0.373089 -0.130697
1011 0.496709 -0.215958 0.473266 0.931198 0.0231676 -0.333314 -0.145723
1013 0.421146 -0.241356 0.525966 0.94952 0.00559175 -0.274031 -0.152606
1014 0.394686 -0.257873 0.53758 0.953318 -0.00391807 -0.255705 -0.160574
1015 0.368433 -0.260811 0.553581 0.958491 -0.00929842 -0.236065 -0.159631
1016 0.297103 -0.2915 0.577848 0.966009 -0.0276828 -0.187292 -0.176015
1018 0.237016 -0.305115 0.595805 0.971149 -0.0424788 -0.147324 -0.182648
1021 0.180834 -0.316823 0.610781 0.974343 -0.0516932 -0.109376 -0.189792
1022 0.164182 -0.320563 0.610719 0.974636 -0.0535372 -0.0987154 -0.193583
1025 0.125424 -0.32488 0.617996 0.97656 -0.0478947 -0.0657745 -0.199276
1026 0.080397 -0.324034 0.627044 0.97758 -0.061119 -0.0385944 -0.19777
1027 -0.000373866 -0.315001 0.639424 0.978435 -0.0727332 0.017169 -0.192564
1029 -0.0531092 -0.325628 0.62934 0.97429 -0.0794755 0.05308 -0.204023
1030 -0.0873335 -0.326385 0.622894 0.971628 -0.0864288 0.0743793 -0.20721
1031 -0.149539 -0.323835 0.610998 0.965678 -0.0990714 0.114429 -0.211084
1032 -0.212588 -0.321798 0.590835 0.956899 -0.113464 0.15496 -0.217847
1033 -0.274323 -0.311811 0.569537 0.947236 -0.126085 0.196352 -0.219755
1035 -0.336575 -0.292 0.546343 0.93578 -0.142907 0.238699 -0.216603
1036 -0.390582 -0.28729 0.512 0.921484 -0.150258 0.278931 -0.224695
1037 -0.40683 -0.270472 0.511993 0.919307 -0.160645 0.28713 -0.215928
1038 -0.468061 -0.255798 0.464999 0.899415 -0.1735 0.333783 -0.222575
1039 -0.543148 -0.231128 0.398051 0.86931 -0.189226 0.395058 -0.22896
1041 -0.595624 -0.205434 0.338227 0.842058 -0.202148 0.443009 -0.231986
1043 -0.637258 -0.188798 0.274684 0.813664 -0.206278 0.488361 -0.238543
1056 -0.685209 -0.144379 0.172192 0.768015 -0.214513 0.554513 -0.238018
1059 -0.704928 -0.111665 0.12407 0.743092 -0.224721 0.585166 -0.234296
1060 -0.714396 -0.0851539 0.0869753 0.723709 -0.232412 0.607907 -0.229517
1061 -0.722411 -0.0602477 0.0555602 0.706026 -0.238773 0.628131 -0.223533
1062 -0.723912 -0.0503061 0.0413524 0.698055 -0.24177 0.63637 -0.222034
1063 -0.725759 -0.0448577 0.0284352 0.691039 -0.243028 0.643446 -0.222217
1064 -0.730223 -0.0196098 -0.0270097 0.661448 -0.245487 0.67391 -0.219244
1065 -0.729651 -0.0048734 -0.0577015 0.644438 -0.246869 0.690478 -0.216784
1066 -0.72919 0.00603338 -0.077433 0.632894 -0.249469 0.700528 -0.21557
1068 -0.723874 0.030381 -0.129795 0.602636 -0.252656 0.726424 -0.212844
1070 -0.706717 0.0782028 -0.211202 0.551943 -0.259524 0.766501 -0.2012
1078 -0.516288 0.232101 -0.507446 0.322981 -0.268706 0.893315 -0.159587
1088 0.0182604 0.335834 -0.688727 -0.058493 -0.255481 0.961313 -0.0847631
1089 0.0483873 0.335974 -0.685863 -0.0784227 -0.254284 0.960473 -0.0817335
1090 0.0633107 0.331029 -0.686867 -0.0880482 -0.249824 0.961016 -0.0792707
1091 0.133086 0.319197 -0.68015 -0.134074 -0.239507 0.959388 -0.0650803
1092 0.205943 0.304669 -0.667718 -0.182637 -0.228198 0.954892 -0.0524477
1093 0.277883 0.296962 -0.642285 -0.233001 -0.22431 0.945403 -0.0401098
1097 0.217618 0.299989 -0.664514 -0.192475 -0.22496 0.953685 -0.0532026
1098 0.161056 0.303016 -0.679492 -0.154069 -0.228064 0.95969 -0.0569665
1113 0.60893 0.172571 -0.401107 -0.501811 -0.176148 0.845945 0.0391731
1115 0.660065 0.137258 -0.31909 -0.559507 -0.164897 0.810621 0.0515162
1126 0.683512 -0.132539 0.190328 0.828723 0.0713618 -0.536874 -0.14104
1127 0.637939 -0.171815 0.282661 0.866238 0.0551885 -0.473262 -0.150361
1130 0.57206 -0.22014 0.366333 0.899327 0.037152 -0.402175 -0.16759
1141 0.0472837 -0.362105 0.59475 0.972515 -0.071016 -0.0162881 -0.221146
1151 -0.493778 -0.296768 0.388926 0.879763 -0.160849 0.373673 -0.245996
1157 -0.636615 -0.202329 0.225811 0.80137 -0.198141 0.514425 -0.232193
1166 -0.72134 -0.0428309 0.0613858 0.702919 -0.274465 0.623392 -0.204832
1167 -0.727292 -0.00438228 0.054218 0.691689 -0.291203 0.633108 -0.189582
1169 -0.727603 0.0130715 0.0438871 0.681695 -0.296267 0.643372 -0.183277
1171 -0.731933 0.0528467 0.0462432 0.671978 -0.317233 0.647901 -0.167431
1172 -0.734443 0.0809348 0.0454862 0.662877 -0.335585 0.650051 -0.159406
1174 -0.734322 0.139507 0.036419 0.642685 -0.359672 0.663371 -0.132404
1175 -0.73224 0.149462 0.0404356 0.639571 -0.37165 0.659488 -0.133794
1185 -0.724815 -0.0382499 0.0570891 0.678867 -0.271231 0.6578 -0.181309
1186 -0.728501 -0.0301523 0.0485723 0.675149 -0.258539 0.670647 -0.166024
1188 -0.715171 -0.0868411 0.0154026 0.668459 -0.220891 0.683857 -0.191596
1190 -0.720186 -0.0564308 -0.066484 0.621092 -0.215184 0.731104 -0.182834
1192 -0.716829 -0.0439685 -0.100178 0.602199 -0.2197 0.743906 -0.188921
1193 -0.713924 -0.0416357 -0.112956 0.594774 -0.218778 0.749004 -0.19332
1196 -0.711315 -0.0265166 -0.151214 0.577722 -0.236351 0.750344 -0.217621
1197 -0.708148 -0.0273868 -0.17227 0.571879 -0.239424 0.750783 -0.227935
1199 -0.701311 -0.0117123 -0.225636 0.54937 -0.242359 0.764344 -0.235015
1201 -0.691065 -0.0184264 -0.257973 0.537995 -0.225466 0.778222 -0.23259
1204 -0.676308 -0.0513405 -0.261515 0.548219 -0.196041 0.778934 -0.232995
1205 -0.672993 -0.0601044 -0.263833 0.549425 -0.185155 0.781846 -0.229273
1206 -0.666338 -0.0698619 -0.268217 0.549436 -0.17222 0.786076 -0.224822
1207 -0.655348 -0.0827223 -0.278937 0.547783 -0.1614 0.788447 -0.22855
